2019-04-06 21:04:30,509 e4cd7d12 MainThread pkb.py:940 INFO     PerfKitBenchmarker version: v1.12.0-1081-g5b4f8028
2019-04-06 21:04:30,511 e4cd7d12 MainThread pkb.py:914 INFO     Flag values:
--cloud=Kubernetes
--kubeconfig=/home/pakawat_nk/.kube/config
--kubectl=/snap/bin/kubectl
--benchmarks=iperf
--image=gcr.io/cs5052-p2/myappmew
2019-04-06 21:04:30,609 e4cd7d12 MainThread pkb.py:983 INFO     Setting --max_concurrent_threads=200.
2019-04-06 21:04:30,628 e4cd7d12 MainThread __init__.py:257 WARNING  The key "flags" was not in the default config, but was in user overrides. This may indicate a typo.
2019-04-06 21:04:30,641 e4cd7d12 MainThread publisher.py:864 DEBUG    Using publishers: [<LogPublisher logger=<logging.RootLogger object at 0x7fe6a3cb3710> level=20>, <PrettyPrintStreamPublisher stream=<open file '<stdout>', mode 'w' at 0x7fe6a54cd150>>, <NewlineDelimitedJSONPublisher file_path="/tmp/perfkitbenchmarker/runs/e4cd7d12/perfkitbenchmarker_results.json" mode="wb">]
2019-04-06 21:04:30,641 e4cd7d12 MainThread publisher.py:864 DEBUG    Using publishers: [<LogPublisher logger=<logging.RootLogger object at 0x7fe6a3cb3710> level=20>, <PrettyPrintStreamPublisher stream=<open file '<stdout>', mode 'w' at 0x7fe6a54cd150>>, <NewlineDelimitedJSONPublisher file_path="/tmp/perfkitbenchmarker/runs/e4cd7d12/perfkitbenchmarker_results.json" mode="wb">]
2019-04-06 21:04:30,641 e4cd7d12 MainThread iperf(1/1) pkb.py:523 INFO     Provisioning resources for benchmark iperf
2019-04-06 21:04:30,645 e4cd7d12 Thread-1 iperf(1/1) kubernetes_virtual_machine.py:118 INFO     About to create a pod with the following configuration:
2019-04-06 21:04:30,645 e4cd7d12 Thread-1 iperf(1/1) kubernetes_virtual_machine.py:119 INFO     {"kind": "Pod", "spec": {"dnsPolicy": "ClusterFirst", "affinity": {"podAntiAffinity": {"requiredDuringSchedulingIgnoredDuringExecution": [{"labelSelector": {"matchExpressions": [{"operator": "In", "values": [""], "key": "pkb_anti_affinity"}]}, "topologyKey": "kubernetes.io/hostname"}]}}, "containers": [{"securityContext": {"privileged": true}, "name": "pkb-e4cd7d12-1", "volumeMounts": [], "image": "gcr.io/cs5052-p2/myappmew", "workingDir": "/root", "command": ["bash", "-c", "apt-get update && apt-get install -y sudo && sed -i '/env_reset/d' /etc/sudoers && sed -i '/secure_path/d' /etc/sudoers && sudo ldconfig && tail -f /dev/null"]}], "volumes": []}, "apiVersion": "v1", "metadata": {"labels": {"pkb": "pkb-e4cd7d12-1", "pkb_anti_affinity": ""}, "name": "pkb-e4cd7d12-1"}}
2019-04-06 21:04:30,647 e4cd7d12 Thread-1 iperf(1/1) vm_util.py:315 INFO     Running: /snap/bin/kubectl --kubeconfig=/home/pakawat_nk/.kube/config create -f /tmp/tmpLXyD3_
2019-04-06 21:04:30,650 e4cd7d12 Thread-2 iperf(1/1) kubernetes_virtual_machine.py:118 INFO     About to create a pod with the following configuration:
2019-04-06 21:04:30,653 e4cd7d12 Thread-2 iperf(1/1) kubernetes_virtual_machine.py:119 INFO     {"kind": "Pod", "spec": {"dnsPolicy": "ClusterFirst", "affinity": {"podAntiAffinity": {"requiredDuringSchedulingIgnoredDuringExecution": [{"labelSelector": {"matchExpressions": [{"operator": "In", "values": [""], "key": "pkb_anti_affinity"}]}, "topologyKey": "kubernetes.io/hostname"}]}}, "containers": [{"securityContext": {"privileged": true}, "name": "pkb-e4cd7d12-0", "volumeMounts": [], "image": "gcr.io/cs5052-p2/myappmew", "workingDir": "/root", "command": ["bash", "-c", "apt-get update && apt-get install -y sudo && sed -i '/env_reset/d' /etc/sudoers && sed -i '/secure_path/d' /etc/sudoers && sudo ldconfig && tail -f /dev/null"]}], "volumes": []}, "apiVersion": "v1", "metadata": {"labels": {"pkb": "pkb-e4cd7d12-0", "pkb_anti_affinity": ""}, "name": "pkb-e4cd7d12-0"}}
2019-04-06 21:04:30,654 e4cd7d12 Thread-2 iperf(1/1) vm_util.py:315 INFO     Running: /snap/bin/kubectl --kubeconfig=/home/pakawat_nk/.kube/config create -f /tmp/tmpJ_6Irq
2019-04-06 21:04:31,251 e4cd7d12 Thread-2 iperf(1/1) vm_util.py:366 DEBUG    Ran: {/snap/bin/kubectl --kubeconfig=/home/pakawat_nk/.kube/config create -f /tmp/tmpJ_6Irq}  ReturnCode:0
STDOUT: pod/pkb-e4cd7d12-0 created

STDERR: 
2019-04-06 21:04:31,251 e4cd7d12 Thread-2 iperf(1/1) kubernetes_virtual_machine.py:129 INFO     Waiting for POD pkb-e4cd7d12-0
2019-04-06 21:04:31,252 e4cd7d12 Thread-2 iperf(1/1) vm_util.py:315 INFO     Running: /snap/bin/kubectl --kubeconfig=/home/pakawat_nk/.kube/config get pod -o=json pkb-e4cd7d12-0
2019-04-06 21:04:31,366 e4cd7d12 Thread-1 iperf(1/1) vm_util.py:366 DEBUG    Ran: {/snap/bin/kubectl --kubeconfig=/home/pakawat_nk/.kube/config create -f /tmp/tmpLXyD3_}  ReturnCode:0
STDOUT: pod/pkb-e4cd7d12-1 created

STDERR: 
2019-04-06 21:04:31,367 e4cd7d12 Thread-1 iperf(1/1) kubernetes_virtual_machine.py:129 INFO     Waiting for POD pkb-e4cd7d12-1
2019-04-06 21:04:31,367 e4cd7d12 Thread-1 iperf(1/1) vm_util.py:315 INFO     Running: /snap/bin/kubectl --kubeconfig=/home/pakawat_nk/.kube/config get pod -o=json pkb-e4cd7d12-1
2019-04-06 21:04:31,528 e4cd7d12 Thread-2 iperf(1/1) vm_util.py:366 DEBUG    Ran: {/snap/bin/kubectl --kubeconfig=/home/pakawat_nk/.kube/config get pod -o=json pkb-e4cd7d12-0}  ReturnCode:0
STDOUT: {
    "apiVersion": "v1",
    "kind": "Pod",
    "metadata": {
        "annotations": {
            "kubernetes.io/limit-ranger": "LimitRanger plugin set: cpu request for container pkb-e4cd7d12-0"
        },
        "creationTimestamp": "2019-04-06T21:04:31Z",
        "labels": {
            "pkb": "pkb-e4cd7d12-0",
            "pkb_anti_affinity": ""
        },
        "name": "pkb-e4cd7d12-0",
        "namespace": "default",
        "resourceVersion": "47246",
        "selfLink": "/api/v1/namespaces/default/pods/pkb-e4cd7d12-0",
        "uid": "9286a99b-58af-11e9-849a-42010aa400ab"
    },
    "spec": {
        "affinity": {
            "podAntiAffinity": {
                "requiredDuringSchedulingIgnoredDuringExecution": [
                    {
                        "labelSelector": {
                            "matchExpressions": [
                                {
                                    "key": "pkb_anti_affinity",
                                    "operator": "In",
                                    "values": [
                                        ""
                                    ]
                                }
                            ]
                        },
                        "topologyKey": "kubernetes.io/hostname"
                    }
                ]
            }
        },
        "containers": [
            {
                "command": [
                    "bash",
                    "-c",
                    "apt-get update \u0026\u0026 apt-get install -y sudo \u0026\u0026 sed -i '/env_reset/d' /etc/sudoers \u0026\u0026 sed -i '/secure_path/d' /etc/sudoers \u0026\u0026 sudo ldconfig \u0026\u0026 tail -f /dev/null"
                ],
                "image": "gcr.io/cs5052-p2/myappmew",
                "imagePullPolicy": "Always",
                "name": "pkb-e4cd7d12-0",
                "resources": {
                    "requests": {
                        "cpu": "100m"
                    }
                },
                "securityContext": {
                    "privileged": true
                },
                "terminationMessagePath": "/dev/termination-log",
                "terminationMessagePolicy": "File",
                "volumeMounts": [
                    {
                        "mountPath": "/var/run/secrets/kubernetes.io/serviceaccount",
                        "name": "default-token-xfrsr",
                        "readOnly": true
                    }
                ],
                "workingDir": "/root"
            }
        ],
        "dnsPolicy": "ClusterFirst",
        "nodeName": "gke-bm-default-pool-9e7e573e-t2cz",
        "priority": 0,
        "restartPolicy": "Always",
        "schedulerName": "default-scheduler",
        "securityContext": {},
        "serviceAccount": "default",
        "serviceAccountName": "default",
        "terminationGracePeriodSeconds": 30,
        "tolerations": [
            {
                "effect": "NoExecute",
                "key": "node.kubernetes.io/not-ready",
                "operator": "Exists",
                "tolerationSeconds": 300
            },
            {
                "effect": "NoExecute",
                "key": "node.kubernetes.io/unreachable",
                "operator": "Exists",
                "tolerationSeconds": 300
            }
        ],
        "volumes": [
            {
                "name": "default-token-xfrsr",
                "secret": {
                    "defaultMode": 420,
                    "secretName": "default-token-xfrsr"
                }
            }
        ]
    },
    "status": {
        "conditions": [
            {
                "lastProbeTime": null,
                "lastTransitionTime": "2019-04-06T21:04:31Z",
                "status": "True",
                "type": "Initialized"
            },
            {
                "lastProbeTime": null,
                "lastTransitionTime": "2019-04-06T21:04:31Z",
                "message": "containers with unready status: [pkb-e4cd7d12-0]",
                "reason": "ContainersNotReady",
                "status": "False",
                "type": "Ready"
            },
            {
                "lastProbeTime": null,
                "lastTransitionTime": null,
                "message": "containers with unready status: [pkb-e4cd7d12-0]",
                "reason": "ContainersNotReady",
                "status": "False",
                "type": "ContainersReady"
            },
            {
                "lastProbeTime": null,
                "lastTransitionTime": "2019-04-06T21:04:31Z",
                "status": "True",
                "type": "PodScheduled"
            }
        ],
        "containerStatuses": [
            {
                "image": "gcr.io/cs5052-p2/myappmew",
                "imageID": "",
                "lastState": {},
                "name": "pkb-e4cd7d12-0",
                "ready": false,
                "restartCount": 0,
                "state": {
                    "waiting": {
                        "reason": "ContainerCreating"
                    }
                }
            }
        ],
        "hostIP": "10.164.0.4",
        "phase": "Pending",
        "qosClass": "Burstable",
        "startTime": "2019-04-06T21:04:31Z"
    }
}

STDERR: 
2019-04-06 21:04:31,611 e4cd7d12 Thread-1 iperf(1/1) vm_util.py:366 DEBUG    Ran: {/snap/bin/kubectl --kubeconfig=/home/pakawat_nk/.kube/config get pod -o=json pkb-e4cd7d12-1}  ReturnCode:0
STDOUT: {
    "apiVersion": "v1",
    "kind": "Pod",
    "metadata": {
        "annotations": {
            "kubernetes.io/limit-ranger": "LimitRanger plugin set: cpu request for container pkb-e4cd7d12-1"
        },
        "creationTimestamp": "2019-04-06T21:04:31Z",
        "labels": {
            "pkb": "pkb-e4cd7d12-1",
            "pkb_anti_affinity": ""
        },
        "name": "pkb-e4cd7d12-1",
        "namespace": "default",
        "resourceVersion": "47247",
        "selfLink": "/api/v1/namespaces/default/pods/pkb-e4cd7d12-1",
        "uid": "9288b73a-58af-11e9-849a-42010aa400ab"
    },
    "spec": {
        "affinity": {
            "podAntiAffinity": {
                "requiredDuringSchedulingIgnoredDuringExecution": [
                    {
                        "labelSelector": {
                            "matchExpressions": [
                                {
                                    "key": "pkb_anti_affinity",
                                    "operator": "In",
                                    "values": [
                                        ""
                                    ]
                                }
                            ]
                        },
                        "topologyKey": "kubernetes.io/hostname"
                    }
                ]
            }
        },
        "containers": [
            {
                "command": [
                    "bash",
                    "-c",
                    "apt-get update \u0026\u0026 apt-get install -y sudo \u0026\u0026 sed -i '/env_reset/d' /etc/sudoers \u0026\u0026 sed -i '/secure_path/d' /etc/sudoers \u0026\u0026 sudo ldconfig \u0026\u0026 tail -f /dev/null"
                ],
                "image": "gcr.io/cs5052-p2/myappmew",
                "imagePullPolicy": "Always",
                "name": "pkb-e4cd7d12-1",
                "resources": {
                    "requests": {
                        "cpu": "100m"
                    }
                },
                "securityContext": {
                    "privileged": true
                },
                "terminationMessagePath": "/dev/termination-log",
                "terminationMessagePolicy": "File",
                "volumeMounts": [
                    {
                        "mountPath": "/var/run/secrets/kubernetes.io/serviceaccount",
                        "name": "default-token-xfrsr",
                        "readOnly": true
                    }
                ],
                "workingDir": "/root"
            }
        ],
        "dnsPolicy": "ClusterFirst",
        "nodeName": "gke-bm-default-pool-9e7e573e-cpc0",
        "priority": 0,
        "restartPolicy": "Always",
        "schedulerName": "default-scheduler",
        "securityContext": {},
        "serviceAccount": "default",
        "serviceAccountName": "default",
        "terminationGracePeriodSeconds": 30,
        "tolerations": [
            {
                "effect": "NoExecute",
                "key": "node.kubernetes.io/not-ready",
                "operator": "Exists",
                "tolerationSeconds": 300
            },
            {
                "effect": "NoExecute",
                "key": "node.kubernetes.io/unreachable",
                "operator": "Exists",
                "tolerationSeconds": 300
            }
        ],
        "volumes": [
            {
                "name": "default-token-xfrsr",
                "secret": {
                    "defaultMode": 420,
                    "secretName": "default-token-xfrsr"
                }
            }
        ]
    },
    "status": {
        "conditions": [
            {
                "lastProbeTime": null,
                "lastTransitionTime": "2019-04-06T21:04:31Z",
                "status": "True",
                "type": "Initialized"
            },
            {
                "lastProbeTime": null,
                "lastTransitionTime": "2019-04-06T21:04:31Z",
                "message": "containers with unready status: [pkb-e4cd7d12-1]",
                "reason": "ContainersNotReady",
                "status": "False",
                "type": "Ready"
            },
            {
                "lastProbeTime": null,
                "lastTransitionTime": null,
                "message": "containers with unready status: [pkb-e4cd7d12-1]",
                "reason": "ContainersNotReady",
                "status": "False",
                "type": "ContainersReady"
            },
            {
                "lastProbeTime": null,
                "lastTransitionTime": "2019-04-06T21:04:31Z",
                "status": "True",
                "type": "PodScheduled"
            }
        ],
        "containerStatuses": [
            {
                "image": "gcr.io/cs5052-p2/myappmew",
                "imageID": "",
                "lastState": {},
                "name": "pkb-e4cd7d12-1",
                "ready": false,
                "restartCount": 0,
                "state": {
                    "waiting": {
                        "reason": "ContainerCreating"
                    }
                }
            }
        ],
        "hostIP": "10.164.0.2",
        "phase": "Pending",
        "qosClass": "Burstable",
        "startTime": "2019-04-06T21:04:31Z"
    }
}

STDERR: 
2019-04-06 21:04:38,798 e4cd7d12 Thread-2 iperf(1/1) kubernetes_virtual_machine.py:129 INFO     Waiting for POD pkb-e4cd7d12-0
2019-04-06 21:04:38,799 e4cd7d12 Thread-2 iperf(1/1) vm_util.py:315 INFO     Running: /snap/bin/kubectl --kubeconfig=/home/pakawat_nk/.kube/config get pod -o=json pkb-e4cd7d12-0
2019-04-06 21:04:38,955 e4cd7d12 Thread-2 iperf(1/1) vm_util.py:366 DEBUG    Ran: {/snap/bin/kubectl --kubeconfig=/home/pakawat_nk/.kube/config get pod -o=json pkb-e4cd7d12-0}  ReturnCode:0
STDOUT: {
    "apiVersion": "v1",
    "kind": "Pod",
    "metadata": {
        "annotations": {
            "kubernetes.io/limit-ranger": "LimitRanger plugin set: cpu request for container pkb-e4cd7d12-0"
        },
        "creationTimestamp": "2019-04-06T21:04:31Z",
        "labels": {
            "pkb": "pkb-e4cd7d12-0",
            "pkb_anti_affinity": ""
        },
        "name": "pkb-e4cd7d12-0",
        "namespace": "default",
        "resourceVersion": "47253",
        "selfLink": "/api/v1/namespaces/default/pods/pkb-e4cd7d12-0",
        "uid": "9286a99b-58af-11e9-849a-42010aa400ab"
    },
    "spec": {
        "affinity": {
            "podAntiAffinity": {
                "requiredDuringSchedulingIgnoredDuringExecution": [
                    {
                        "labelSelector": {
                            "matchExpressions": [
                                {
                                    "key": "pkb_anti_affinity",
                                    "operator": "In",
                                    "values": [
                                        ""
                                    ]
                                }
                            ]
                        },
                        "topologyKey": "kubernetes.io/hostname"
                    }
                ]
            }
        },
        "containers": [
            {
                "command": [
                    "bash",
                    "-c",
                    "apt-get update \u0026\u0026 apt-get install -y sudo \u0026\u0026 sed -i '/env_reset/d' /etc/sudoers \u0026\u0026 sed -i '/secure_path/d' /etc/sudoers \u0026\u0026 sudo ldconfig \u0026\u0026 tail -f /dev/null"
                ],
                "image": "gcr.io/cs5052-p2/myappmew",
                "imagePullPolicy": "Always",
                "name": "pkb-e4cd7d12-0",
                "resources": {
                    "requests": {
                        "cpu": "100m"
                    }
                },
                "securityContext": {
                    "privileged": true
                },
                "terminationMessagePath": "/dev/termination-log",
                "terminationMessagePolicy": "File",
                "volumeMounts": [
                    {
                        "mountPath": "/var/run/secrets/kubernetes.io/serviceaccount",
                        "name": "default-token-xfrsr",
                        "readOnly": true
                    }
                ],
                "workingDir": "/root"
            }
        ],
        "dnsPolicy": "ClusterFirst",
        "nodeName": "gke-bm-default-pool-9e7e573e-t2cz",
        "priority": 0,
        "restartPolicy": "Always",
        "schedulerName": "default-scheduler",
        "securityContext": {},
        "serviceAccount": "default",
        "serviceAccountName": "default",
        "terminationGracePeriodSeconds": 30,
        "tolerations": [
            {
                "effect": "NoExecute",
                "key": "node.kubernetes.io/not-ready",
                "operator": "Exists",
                "tolerationSeconds": 300
            },
            {
                "effect": "NoExecute",
                "key": "node.kubernetes.io/unreachable",
                "operator": "Exists",
                "tolerationSeconds": 300
            }
        ],
        "volumes": [
            {
                "name": "default-token-xfrsr",
                "secret": {
                    "defaultMode": 420,
                    "secretName": "default-token-xfrsr"
                }
            }
        ]
    },
    "status": {
        "conditions": [
            {
                "lastProbeTime": null,
                "lastTransitionTime": "2019-04-06T21:04:31Z",
                "status": "True",
                "type": "Initialized"
            },
            {
                "lastProbeTime": null,
                "lastTransitionTime": "2019-04-06T21:04:33Z",
                "status": "True",
                "type": "Ready"
            },
            {
                "lastProbeTime": null,
                "lastTransitionTime": null,
                "status": "True",
                "type": "ContainersReady"
            },
            {
                "lastProbeTime": null,
                "lastTransitionTime": "2019-04-06T21:04:31Z",
                "status": "True",
                "type": "PodScheduled"
            }
        ],
        "containerStatuses": [
            {
                "containerID": "docker://5e6fa9c15f62dd4e60a2022362505920ca6382cc86185336c14d144b40d4c274",
                "image": "gcr.io/cs5052-p2/myappmew:latest",
                "imageID": "docker-pullable://gcr.io/cs5052-p2/myappmew@sha256:c896494532e1029096cef7ff25e07ce8c491e7f00e932fdf15141a86836e067a",
                "lastState": {},
                "name": "pkb-e4cd7d12-0",
                "ready": true,
                "restartCount": 0,
                "state": {
                    "running": {
                        "startedAt": "2019-04-06T21:04:33Z"
                    }
                }
            }
        ],
        "hostIP": "10.164.0.4",
        "phase": "Running",
        "podIP": "10.8.2.16",
        "qosClass": "Burstable",
        "startTime": "2019-04-06T21:04:31Z"
    }
}

STDERR: 
2019-04-06 21:04:38,956 e4cd7d12 Thread-2 iperf(1/1) kubernetes_virtual_machine.py:138 INFO     POD is up and running.
2019-04-06 21:04:38,956 e4cd7d12 Thread-2 iperf(1/1) vm_util.py:315 INFO     Running: /snap/bin/kubectl --kubeconfig=/home/pakawat_nk/.kube/config get pod -o=json pkb-e4cd7d12-0
2019-04-06 21:04:39,110 e4cd7d12 Thread-2 iperf(1/1) vm_util.py:366 DEBUG    Ran: {/snap/bin/kubectl --kubeconfig=/home/pakawat_nk/.kube/config get pod -o=json pkb-e4cd7d12-0}  ReturnCode:0
STDOUT: {
    "apiVersion": "v1",
    "kind": "Pod",
    "metadata": {
        "annotations": {
            "kubernetes.io/limit-ranger": "LimitRanger plugin set: cpu request for container pkb-e4cd7d12-0"
        },
        "creationTimestamp": "2019-04-06T21:04:31Z",
        "labels": {
            "pkb": "pkb-e4cd7d12-0",
            "pkb_anti_affinity": ""
        },
        "name": "pkb-e4cd7d12-0",
        "namespace": "default",
        "resourceVersion": "47253",
        "selfLink": "/api/v1/namespaces/default/pods/pkb-e4cd7d12-0",
        "uid": "9286a99b-58af-11e9-849a-42010aa400ab"
    },
    "spec": {
        "affinity": {
            "podAntiAffinity": {
                "requiredDuringSchedulingIgnoredDuringExecution": [
                    {
                        "labelSelector": {
                            "matchExpressions": [
                                {
                                    "key": "pkb_anti_affinity",
                                    "operator": "In",
                                    "values": [
                                        ""
                                    ]
                                }
                            ]
                        },
                        "topologyKey": "kubernetes.io/hostname"
                    }
                ]
            }
        },
        "containers": [
            {
                "command": [
                    "bash",
                    "-c",
                    "apt-get update \u0026\u0026 apt-get install -y sudo \u0026\u0026 sed -i '/env_reset/d' /etc/sudoers \u0026\u0026 sed -i '/secure_path/d' /etc/sudoers \u0026\u0026 sudo ldconfig \u0026\u0026 tail -f /dev/null"
                ],
                "image": "gcr.io/cs5052-p2/myappmew",
                "imagePullPolicy": "Always",
                "name": "pkb-e4cd7d12-0",
                "resources": {
                    "requests": {
                        "cpu": "100m"
                    }
                },
                "securityContext": {
                    "privileged": true
                },
                "terminationMessagePath": "/dev/termination-log",
                "terminationMessagePolicy": "File",
                "volumeMounts": [
                    {
                        "mountPath": "/var/run/secrets/kubernetes.io/serviceaccount",
                        "name": "default-token-xfrsr",
                        "readOnly": true
                    }
                ],
                "workingDir": "/root"
            }
        ],
        "dnsPolicy": "ClusterFirst",
        "nodeName": "gke-bm-default-pool-9e7e573e-t2cz",
        "priority": 0,
        "restartPolicy": "Always",
        "schedulerName": "default-scheduler",
        "securityContext": {},
        "serviceAccount": "default",
        "serviceAccountName": "default",
        "terminationGracePeriodSeconds": 30,
        "tolerations": [
            {
                "effect": "NoExecute",
                "key": "node.kubernetes.io/not-ready",
                "operator": "Exists",
                "tolerationSeconds": 300
            },
            {
                "effect": "NoExecute",
                "key": "node.kubernetes.io/unreachable",
                "operator": "Exists",
                "tolerationSeconds": 300
            }
        ],
        "volumes": [
            {
                "name": "default-token-xfrsr",
                "secret": {
                    "defaultMode": 420,
                    "secretName": "default-token-xfrsr"
                }
            }
        ]
    },
    "status": {
        "conditions": [
            {
                "lastProbeTime": null,
                "lastTransitionTime": "2019-04-06T21:04:31Z",
                "status": "True",
                "type": "Initialized"
            },
            {
                "lastProbeTime": null,
                "lastTransitionTime": "2019-04-06T21:04:33Z",
                "status": "True",
                "type": "Ready"
            },
            {
                "lastProbeTime": null,
                "lastTransitionTime": null,
                "status": "True",
                "type": "ContainersReady"
            },
            {
                "lastProbeTime": null,
                "lastTransitionTime": "2019-04-06T21:04:31Z",
                "status": "True",
                "type": "PodScheduled"
            }
        ],
        "containerStatuses": [
            {
                "containerID": "docker://5e6fa9c15f62dd4e60a2022362505920ca6382cc86185336c14d144b40d4c274",
                "image": "gcr.io/cs5052-p2/myappmew:latest",
                "imageID": "docker-pullable://gcr.io/cs5052-p2/myappmew@sha256:c896494532e1029096cef7ff25e07ce8c491e7f00e932fdf15141a86836e067a",
                "lastState": {},
                "name": "pkb-e4cd7d12-0",
                "ready": true,
                "restartCount": 0,
                "state": {
                    "running": {
                        "startedAt": "2019-04-06T21:04:33Z"
                    }
                }
            }
        ],
        "hostIP": "10.164.0.4",
        "phase": "Running",
        "podIP": "10.8.2.16",
        "qosClass": "Burstable",
        "startTime": "2019-04-06T21:04:31Z"
    }
}

STDERR: 
2019-04-06 21:04:39,110 e4cd7d12 Thread-2 iperf(1/1) vm_util.py:315 INFO     Running: /snap/bin/kubectl --kubeconfig=/home/pakawat_nk/.kube/config get pods pkb-e4cd7d12-0 -ojsonpath={.status.podIP}
2019-04-06 21:04:39,265 e4cd7d12 Thread-2 iperf(1/1) vm_util.py:366 DEBUG    Ran: {/snap/bin/kubectl --kubeconfig=/home/pakawat_nk/.kube/config get pods pkb-e4cd7d12-0 -ojsonpath={.status.podIP}}  ReturnCode:0
STDOUT: 10.8.2.16
STDERR: 
2019-04-06 21:04:39,265 e4cd7d12 Thread-2 iperf(1/1) benchmark_spec.py:675 INFO     VM: None
2019-04-06 21:04:39,266 e4cd7d12 Thread-2 iperf(1/1) benchmark_spec.py:676 INFO     Waiting for boot completion.
2019-04-06 21:04:39,266 e4cd7d12 Thread-2 iperf(1/1) vm_util.py:315 INFO     Running: /snap/bin/kubectl --kubeconfig=/home/pakawat_nk/.kube/config exec -i pkb-e4cd7d12-0 -- /bin/bash -c hostname
2019-04-06 21:04:39,362 e4cd7d12 Thread-1 iperf(1/1) kubernetes_virtual_machine.py:129 INFO     Waiting for POD pkb-e4cd7d12-1
2019-04-06 21:04:39,363 e4cd7d12 Thread-1 iperf(1/1) vm_util.py:315 INFO     Running: /snap/bin/kubectl --kubeconfig=/home/pakawat_nk/.kube/config get pod -o=json pkb-e4cd7d12-1
2019-04-06 21:04:39,554 e4cd7d12 Thread-1 iperf(1/1) vm_util.py:366 DEBUG    Ran: {/snap/bin/kubectl --kubeconfig=/home/pakawat_nk/.kube/config get pod -o=json pkb-e4cd7d12-1}  ReturnCode:0
STDOUT: {
    "apiVersion": "v1",
    "kind": "Pod",
    "metadata": {
        "annotations": {
            "kubernetes.io/limit-ranger": "LimitRanger plugin set: cpu request for container pkb-e4cd7d12-1"
        },
        "creationTimestamp": "2019-04-06T21:04:31Z",
        "labels": {
            "pkb": "pkb-e4cd7d12-1",
            "pkb_anti_affinity": ""
        },
        "name": "pkb-e4cd7d12-1",
        "namespace": "default",
        "resourceVersion": "47254",
        "selfLink": "/api/v1/namespaces/default/pods/pkb-e4cd7d12-1",
        "uid": "9288b73a-58af-11e9-849a-42010aa400ab"
    },
    "spec": {
        "affinity": {
            "podAntiAffinity": {
                "requiredDuringSchedulingIgnoredDuringExecution": [
                    {
                        "labelSelector": {
                            "matchExpressions": [
                                {
                                    "key": "pkb_anti_affinity",
                                    "operator": "In",
                                    "values": [
                                        ""
                                    ]
                                }
                            ]
                        },
                        "topologyKey": "kubernetes.io/hostname"
                    }
                ]
            }
        },
        "containers": [
            {
                "command": [
                    "bash",
                    "-c",
                    "apt-get update \u0026\u0026 apt-get install -y sudo \u0026\u0026 sed -i '/env_reset/d' /etc/sudoers \u0026\u0026 sed -i '/secure_path/d' /etc/sudoers \u0026\u0026 sudo ldconfig \u0026\u0026 tail -f /dev/null"
                ],
                "image": "gcr.io/cs5052-p2/myappmew",
                "imagePullPolicy": "Always",
                "name": "pkb-e4cd7d12-1",
                "resources": {
                    "requests": {
                        "cpu": "100m"
                    }
                },
                "securityContext": {
                    "privileged": true
                },
                "terminationMessagePath": "/dev/termination-log",
                "terminationMessagePolicy": "File",
                "volumeMounts": [
                    {
                        "mountPath": "/var/run/secrets/kubernetes.io/serviceaccount",
                        "name": "default-token-xfrsr",
                        "readOnly": true
                    }
                ],
                "workingDir": "/root"
            }
        ],
        "dnsPolicy": "ClusterFirst",
        "nodeName": "gke-bm-default-pool-9e7e573e-cpc0",
        "priority": 0,
        "restartPolicy": "Always",
        "schedulerName": "default-scheduler",
        "securityContext": {},
        "serviceAccount": "default",
        "serviceAccountName": "default",
        "terminationGracePeriodSeconds": 30,
        "tolerations": [
            {
                "effect": "NoExecute",
                "key": "node.kubernetes.io/not-ready",
                "operator": "Exists",
                "tolerationSeconds": 300
            },
            {
                "effect": "NoExecute",
                "key": "node.kubernetes.io/unreachable",
                "operator": "Exists",
                "tolerationSeconds": 300
            }
        ],
        "volumes": [
            {
                "name": "default-token-xfrsr",
                "secret": {
                    "defaultMode": 420,
                    "secretName": "default-token-xfrsr"
                }
            }
        ]
    },
    "status": {
        "conditions": [
            {
                "lastProbeTime": null,
                "lastTransitionTime": "2019-04-06T21:04:31Z",
                "status": "True",
                "type": "Initialized"
            },
            {
                "lastProbeTime": null,
                "lastTransitionTime": "2019-04-06T21:04:33Z",
                "status": "True",
                "type": "Ready"
            },
            {
                "lastProbeTime": null,
                "lastTransitionTime": null,
                "status": "True",
                "type": "ContainersReady"
            },
            {
                "lastProbeTime": null,
                "lastTransitionTime": "2019-04-06T21:04:31Z",
                "status": "True",
                "type": "PodScheduled"
            }
        ],
        "containerStatuses": [
            {
                "containerID": "docker://ea49459d27c6c42bd7b44263351a2f03acdfd6baa92e1e6f1f3360b7fb8fc138",
                "image": "gcr.io/cs5052-p2/myappmew:latest",
                "imageID": "docker-pullable://gcr.io/cs5052-p2/myappmew@sha256:c896494532e1029096cef7ff25e07ce8c491e7f00e932fdf15141a86836e067a",
                "lastState": {},
                "name": "pkb-e4cd7d12-1",
                "ready": true,
                "restartCount": 0,
                "state": {
                    "running": {
                        "startedAt": "2019-04-06T21:04:32Z"
                    }
                }
            }
        ],
        "hostIP": "10.164.0.2",
        "phase": "Running",
        "podIP": "10.8.0.23",
        "qosClass": "Burstable",
        "startTime": "2019-04-06T21:04:31Z"
    }
}

STDERR: 
2019-04-06 21:04:39,555 e4cd7d12 Thread-1 iperf(1/1) kubernetes_virtual_machine.py:138 INFO     POD is up and running.
2019-04-06 21:04:39,556 e4cd7d12 Thread-1 iperf(1/1) vm_util.py:315 INFO     Running: /snap/bin/kubectl --kubeconfig=/home/pakawat_nk/.kube/config get pod -o=json pkb-e4cd7d12-1
2019-04-06 21:04:39,656 e4cd7d12 Thread-2 iperf(1/1) vm_util.py:366 DEBUG    Ran: {/snap/bin/kubectl --kubeconfig=/home/pakawat_nk/.kube/config exec -i pkb-e4cd7d12-0 -- /bin/bash -c hostname}  ReturnCode:0
STDOUT: pkb-e4cd7d12-0

STDERR: 
2019-04-06 21:04:39,719 e4cd7d12 Thread-1 iperf(1/1) vm_util.py:366 DEBUG    Ran: {/snap/bin/kubectl --kubeconfig=/home/pakawat_nk/.kube/config get pod -o=json pkb-e4cd7d12-1}  ReturnCode:0
STDOUT: {
    "apiVersion": "v1",
    "kind": "Pod",
    "metadata": {
        "annotations": {
            "kubernetes.io/limit-ranger": "LimitRanger plugin set: cpu request for container pkb-e4cd7d12-1"
        },
        "creationTimestamp": "2019-04-06T21:04:31Z",
        "labels": {
            "pkb": "pkb-e4cd7d12-1",
            "pkb_anti_affinity": ""
        },
        "name": "pkb-e4cd7d12-1",
        "namespace": "default",
        "resourceVersion": "47254",
        "selfLink": "/api/v1/namespaces/default/pods/pkb-e4cd7d12-1",
        "uid": "9288b73a-58af-11e9-849a-42010aa400ab"
    },
    "spec": {
        "affinity": {
            "podAntiAffinity": {
                "requiredDuringSchedulingIgnoredDuringExecution": [
                    {
                        "labelSelector": {
                            "matchExpressions": [
                                {
                                    "key": "pkb_anti_affinity",
                                    "operator": "In",
                                    "values": [
                                        ""
                                    ]
                                }
                            ]
                        },
                        "topologyKey": "kubernetes.io/hostname"
                    }
                ]
            }
        },
        "containers": [
            {
                "command": [
                    "bash",
                    "-c",
                    "apt-get update \u0026\u0026 apt-get install -y sudo \u0026\u0026 sed -i '/env_reset/d' /etc/sudoers \u0026\u0026 sed -i '/secure_path/d' /etc/sudoers \u0026\u0026 sudo ldconfig \u0026\u0026 tail -f /dev/null"
                ],
                "image": "gcr.io/cs5052-p2/myappmew",
                "imagePullPolicy": "Always",
                "name": "pkb-e4cd7d12-1",
                "resources": {
                    "requests": {
                        "cpu": "100m"
                    }
                },
                "securityContext": {
                    "privileged": true
                },
                "terminationMessagePath": "/dev/termination-log",
                "terminationMessagePolicy": "File",
                "volumeMounts": [
                    {
                        "mountPath": "/var/run/secrets/kubernetes.io/serviceaccount",
                        "name": "default-token-xfrsr",
                        "readOnly": true
                    }
                ],
                "workingDir": "/root"
            }
        ],
        "dnsPolicy": "ClusterFirst",
        "nodeName": "gke-bm-default-pool-9e7e573e-cpc0",
        "priority": 0,
        "restartPolicy": "Always",
        "schedulerName": "default-scheduler",
        "securityContext": {},
        "serviceAccount": "default",
        "serviceAccountName": "default",
        "terminationGracePeriodSeconds": 30,
        "tolerations": [
            {
                "effect": "NoExecute",
                "key": "node.kubernetes.io/not-ready",
                "operator": "Exists",
                "tolerationSeconds": 300
            },
            {
                "effect": "NoExecute",
                "key": "node.kubernetes.io/unreachable",
                "operator": "Exists",
                "tolerationSeconds": 300
            }
        ],
        "volumes": [
            {
                "name": "default-token-xfrsr",
                "secret": {
                    "defaultMode": 420,
                    "secretName": "default-token-xfrsr"
                }
            }
        ]
    },
    "status": {
        "conditions": [
            {
                "lastProbeTime": null,
                "lastTransitionTime": "2019-04-06T21:04:31Z",
                "status": "True",
                "type": "Initialized"
            },
            {
                "lastProbeTime": null,
                "lastTransitionTime": "2019-04-06T21:04:33Z",
                "status": "True",
                "type": "Ready"
            },
            {
                "lastProbeTime": null,
                "lastTransitionTime": null,
                "status": "True",
                "type": "ContainersReady"
            },
            {
                "lastProbeTime": null,
                "lastTransitionTime": "2019-04-06T21:04:31Z",
                "status": "True",
                "type": "PodScheduled"
            }
        ],
        "containerStatuses": [
            {
                "containerID": "docker://ea49459d27c6c42bd7b44263351a2f03acdfd6baa92e1e6f1f3360b7fb8fc138",
                "image": "gcr.io/cs5052-p2/myappmew:latest",
                "imageID": "docker-pullable://gcr.io/cs5052-p2/myappmew@sha256:c896494532e1029096cef7ff25e07ce8c491e7f00e932fdf15141a86836e067a",
                "lastState": {},
                "name": "pkb-e4cd7d12-1",
                "ready": true,
                "restartCount": 0,
                "state": {
                    "running": {
                        "startedAt": "2019-04-06T21:04:32Z"
                    }
                }
            }
        ],
        "hostIP": "10.164.0.2",
        "phase": "Running",
        "podIP": "10.8.0.23",
        "qosClass": "Burstable",
        "startTime": "2019-04-06T21:04:31Z"
    }
}

STDERR: 
2019-04-06 21:04:39,720 e4cd7d12 Thread-1 iperf(1/1) vm_util.py:315 INFO     Running: /snap/bin/kubectl --kubeconfig=/home/pakawat_nk/.kube/config get pods pkb-e4cd7d12-1 -ojsonpath={.status.podIP}
2019-04-06 21:04:39,874 e4cd7d12 Thread-1 iperf(1/1) vm_util.py:366 DEBUG    Ran: {/snap/bin/kubectl --kubeconfig=/home/pakawat_nk/.kube/config get pods pkb-e4cd7d12-1 -ojsonpath={.status.podIP}}  ReturnCode:0
STDOUT: 10.8.0.23
STDERR: 
2019-04-06 21:04:39,874 e4cd7d12 Thread-1 iperf(1/1) benchmark_spec.py:675 INFO     VM: None
2019-04-06 21:04:39,875 e4cd7d12 Thread-1 iperf(1/1) benchmark_spec.py:676 INFO     Waiting for boot completion.
2019-04-06 21:04:39,875 e4cd7d12 Thread-1 iperf(1/1) vm_util.py:315 INFO     Running: /snap/bin/kubectl --kubeconfig=/home/pakawat_nk/.kube/config exec -i pkb-e4cd7d12-1 -- /bin/bash -c hostname
2019-04-06 21:04:40,232 e4cd7d12 Thread-1 iperf(1/1) vm_util.py:366 DEBUG    Ran: {/snap/bin/kubectl --kubeconfig=/home/pakawat_nk/.kube/config exec -i pkb-e4cd7d12-1 -- /bin/bash -c hostname}  ReturnCode:0
STDOUT: pkb-e4cd7d12-1

STDERR: 
2019-04-06 21:04:40,259 e4cd7d12 Thread-15 iperf(1/1) vm_util.py:315 INFO     Running: /snap/bin/kubectl --kubeconfig=/home/pakawat_nk/.kube/config exec -i pkb-e4cd7d12-1 -- /bin/bash -c mkdir -p /tmp/pkb
2019-04-06 21:04:40,264 e4cd7d12 Thread-16 iperf(1/1) vm_util.py:315 INFO     Running: /snap/bin/kubectl --kubeconfig=/home/pakawat_nk/.kube/config exec -i pkb-e4cd7d12-0 -- /bin/bash -c mkdir -p /tmp/pkb
2019-04-06 21:04:40,664 e4cd7d12 Thread-15 iperf(1/1) vm_util.py:366 DEBUG    Ran: {/snap/bin/kubectl --kubeconfig=/home/pakawat_nk/.kube/config exec -i pkb-e4cd7d12-1 -- /bin/bash -c mkdir -p /tmp/pkb}  ReturnCode:0
STDOUT: 
STDERR: 
2019-04-06 21:04:40,664 e4cd7d12 Thread-15 iperf(1/1) vm_util.py:315 INFO     Running: /snap/bin/kubectl --kubeconfig=/home/pakawat_nk/.kube/config exec -i pkb-e4cd7d12-1 -- /bin/bash -c sudo mkdir -p /opt/pkb
2019-04-06 21:04:40,706 e4cd7d12 Thread-16 iperf(1/1) vm_util.py:366 DEBUG    Ran: {/snap/bin/kubectl --kubeconfig=/home/pakawat_nk/.kube/config exec -i pkb-e4cd7d12-0 -- /bin/bash -c mkdir -p /tmp/pkb}  ReturnCode:0
STDOUT: 
STDERR: 
2019-04-06 21:04:40,706 e4cd7d12 Thread-16 iperf(1/1) vm_util.py:315 INFO     Running: /snap/bin/kubectl --kubeconfig=/home/pakawat_nk/.kube/config exec -i pkb-e4cd7d12-0 -- /bin/bash -c sudo mkdir -p /opt/pkb
2019-04-06 21:04:41,055 e4cd7d12 Thread-15 iperf(1/1) vm_util.py:366 DEBUG    Ran: {/snap/bin/kubectl --kubeconfig=/home/pakawat_nk/.kube/config exec -i pkb-e4cd7d12-1 -- /bin/bash -c sudo mkdir -p /opt/pkb}  ReturnCode:0
STDOUT: 
STDERR: 
2019-04-06 21:04:41,056 e4cd7d12 Thread-15 iperf(1/1) vm_util.py:315 INFO     Running: /snap/bin/kubectl --kubeconfig=/home/pakawat_nk/.kube/config exec -i pkb-e4cd7d12-1 -- /bin/bash -c sudo chmod a+rwxt /opt/pkb
2019-04-06 21:04:41,093 e4cd7d12 Thread-16 iperf(1/1) vm_util.py:366 DEBUG    Ran: {/snap/bin/kubectl --kubeconfig=/home/pakawat_nk/.kube/config exec -i pkb-e4cd7d12-0 -- /bin/bash -c sudo mkdir -p /opt/pkb}  ReturnCode:0
STDOUT: 
STDERR: 
2019-04-06 21:04:41,094 e4cd7d12 Thread-16 iperf(1/1) vm_util.py:315 INFO     Running: /snap/bin/kubectl --kubeconfig=/home/pakawat_nk/.kube/config exec -i pkb-e4cd7d12-0 -- /bin/bash -c sudo chmod a+rwxt /opt/pkb
2019-04-06 21:04:41,462 e4cd7d12 Thread-15 iperf(1/1) vm_util.py:366 DEBUG    Ran: {/snap/bin/kubectl --kubeconfig=/home/pakawat_nk/.kube/config exec -i pkb-e4cd7d12-1 -- /bin/bash -c sudo chmod a+rwxt /opt/pkb}  ReturnCode:0
STDOUT: 
STDERR: 
2019-04-06 21:04:41,462 e4cd7d12 Thread-15 iperf(1/1) vm_util.py:315 INFO     Running: /snap/bin/kubectl --kubeconfig=/home/pakawat_nk/.kube/config exec -i pkb-e4cd7d12-1 -- /bin/bash -c sudo apt-get update
2019-04-06 21:04:41,529 e4cd7d12 Thread-16 iperf(1/1) vm_util.py:366 DEBUG    Ran: {/snap/bin/kubectl --kubeconfig=/home/pakawat_nk/.kube/config exec -i pkb-e4cd7d12-0 -- /bin/bash -c sudo chmod a+rwxt /opt/pkb}  ReturnCode:0
STDOUT: 
STDERR: 
2019-04-06 21:04:41,530 e4cd7d12 Thread-16 iperf(1/1) vm_util.py:315 INFO     Running: /snap/bin/kubectl --kubeconfig=/home/pakawat_nk/.kube/config exec -i pkb-e4cd7d12-0 -- /bin/bash -c sudo apt-get update
2019-04-06 21:04:45,031 e4cd7d12 Thread-16 iperf(1/1) vm_util.py:366 DEBUG    Ran: {/snap/bin/kubectl --kubeconfig=/home/pakawat_nk/.kube/config exec -i pkb-e4cd7d12-0 -- /bin/bash -c sudo apt-get update}  ReturnCode:0
STDOUT: Ign http://archive.ubuntu.com trusty InRelease
Hit http://security.ubuntu.com trusty-security InRelease
Hit http://archive.ubuntu.com trusty-updates InRelease
Hit http://archive.ubuntu.com trusty-backports InRelease
Hit http://security.ubuntu.com trusty-security/main amd64 Packages
Hit http://archive.ubuntu.com trusty Release.gpg
Hit http://archive.ubuntu.com trusty-updates/main amd64 Packages
Hit http://security.ubuntu.com trusty-security/restricted amd64 Packages
Hit http://archive.ubuntu.com trusty-updates/restricted amd64 Packages
Hit http://security.ubuntu.com trusty-security/universe amd64 Packages
Hit http://archive.ubuntu.com trusty-updates/universe amd64 Packages
Hit http://security.ubuntu.com trusty-security/multiverse amd64 Packages
Hit http://archive.ubuntu.com trusty-updates/multiverse amd64 Packages
Hit http://archive.ubuntu.com trusty Release
Hit http://archive.ubuntu.com trusty-backports/main amd64 Packages
Hit http://archive.ubuntu.com trusty-backports/restricted amd64 Packages
Hit http://archive.ubuntu.com trusty-backports/universe amd64 Packages
Hit http://archive.ubuntu.com trusty-backports/multiverse amd64 Packages
Hit http://archive.ubuntu.com trusty/main amd64 Packages
Hit http://archive.ubuntu.com trusty/restricted amd64 Packages
Hit http://archive.ubuntu.com trusty/universe amd64 Packages
Hit http://archive.ubuntu.com trusty/multiverse amd64 Packages
Reading package lists...

STDERR: 
2019-04-06 21:04:45,032 e4cd7d12 Thread-16 iperf(1/1) vm_util.py:315 INFO     Running: /snap/bin/kubectl --kubeconfig=/home/pakawat_nk/.kube/config exec -i pkb-e4cd7d12-0 -- /bin/bash -c sudo DEBIAN_FRONTEND='noninteractive' /usr/bin/apt-get -y install python
2019-04-06 21:04:45,071 e4cd7d12 Thread-15 iperf(1/1) vm_util.py:366 DEBUG    Ran: {/snap/bin/kubectl --kubeconfig=/home/pakawat_nk/.kube/config exec -i pkb-e4cd7d12-1 -- /bin/bash -c sudo apt-get update}  ReturnCode:0
STDOUT: Hit http://security.ubuntu.com trusty-security InRelease
Ign http://archive.ubuntu.com trusty InRelease
Hit http://archive.ubuntu.com trusty-updates InRelease
Hit http://archive.ubuntu.com trusty-backports InRelease
Hit http://security.ubuntu.com trusty-security/main amd64 Packages
Hit http://archive.ubuntu.com trusty Release.gpg
Hit http://archive.ubuntu.com trusty-updates/main amd64 Packages
Hit http://security.ubuntu.com trusty-security/restricted amd64 Packages
Hit http://archive.ubuntu.com trusty-updates/restricted amd64 Packages
Hit http://security.ubuntu.com trusty-security/universe amd64 Packages
Hit http://archive.ubuntu.com trusty-updates/universe amd64 Packages
Hit http://security.ubuntu.com trusty-security/multiverse amd64 Packages
Hit http://archive.ubuntu.com trusty-updates/multiverse amd64 Packages
Hit http://archive.ubuntu.com trusty Release
Hit http://archive.ubuntu.com trusty-backports/main amd64 Packages
Hit http://archive.ubuntu.com trusty-backports/restricted amd64 Packages
Hit http://archive.ubuntu.com trusty-backports/universe amd64 Packages
Hit http://archive.ubuntu.com trusty-backports/multiverse amd64 Packages
Hit http://archive.ubuntu.com trusty/main amd64 Packages
Hit http://archive.ubuntu.com trusty/restricted amd64 Packages
Hit http://archive.ubuntu.com trusty/universe amd64 Packages
Hit http://archive.ubuntu.com trusty/multiverse amd64 Packages
Reading package lists...

STDERR: 
2019-04-06 21:04:45,071 e4cd7d12 Thread-15 iperf(1/1) vm_util.py:315 INFO     Running: /snap/bin/kubectl --kubeconfig=/home/pakawat_nk/.kube/config exec -i pkb-e4cd7d12-1 -- /bin/bash -c sudo DEBIAN_FRONTEND='noninteractive' /usr/bin/apt-get -y install python
2019-04-06 21:04:47,456 e4cd7d12 Thread-16 iperf(1/1) vm_util.py:366 DEBUG    Ran: {/snap/bin/kubectl --kubeconfig=/home/pakawat_nk/.kube/config exec -i pkb-e4cd7d12-0 -- /bin/bash -c sudo DEBIAN_FRONTEND='noninteractive' /usr/bin/apt-get -y install python}  ReturnCode:0
STDOUT: Reading package lists...
Building dependency tree...
Reading state information...
python is already the newest version.
python set to manually installed.
0 upgraded, 0 newly installed, 0 to remove and 8 not upgraded.

STDERR: 
2019-04-06 21:04:47,456 e4cd7d12 Thread-16 iperf(1/1) vm_util.py:315 INFO     Running: /snap/bin/kubectl --kubeconfig=/home/pakawat_nk/.kube/config exec -i pkb-e4cd7d12-0 -- /bin/bash -c cat /proc/sys/net/ipv4/tcp_congestion_control
2019-04-06 21:04:47,611 e4cd7d12 Thread-15 iperf(1/1) vm_util.py:366 DEBUG    Ran: {/snap/bin/kubectl --kubeconfig=/home/pakawat_nk/.kube/config exec -i pkb-e4cd7d12-1 -- /bin/bash -c sudo DEBIAN_FRONTEND='noninteractive' /usr/bin/apt-get -y install python}  ReturnCode:0
STDOUT: Reading package lists...
Building dependency tree...
Reading state information...
python is already the newest version.
python set to manually installed.
0 upgraded, 0 newly installed, 0 to remove and 8 not upgraded.

STDERR: 
2019-04-06 21:04:47,611 e4cd7d12 Thread-15 iperf(1/1) vm_util.py:315 INFO     Running: /snap/bin/kubectl --kubeconfig=/home/pakawat_nk/.kube/config exec -i pkb-e4cd7d12-1 -- /bin/bash -c cat /proc/sys/net/ipv4/tcp_congestion_control
2019-04-06 21:04:47,781 e4cd7d12 Thread-16 iperf(1/1) vm_util.py:364 INFO     Ran: {/snap/bin/kubectl --kubeconfig=/home/pakawat_nk/.kube/config exec -i pkb-e4cd7d12-0 -- /bin/bash -c cat /proc/sys/net/ipv4/tcp_congestion_control}  ReturnCode:1
STDOUT: 
STDERR: cat: /proc/sys/net/ipv4/tcp_congestion_control: No such file or directory
command terminated with exit code 1

2019-04-06 21:04:47,782 e4cd7d12 Thread-16 iperf(1/1) vm_util.py:315 INFO     Running: /snap/bin/kubectl --kubeconfig=/home/pakawat_nk/.kube/config exec -i pkb-e4cd7d12-0 -- /bin/bash -c lscpu
2019-04-06 21:04:47,946 e4cd7d12 Thread-15 iperf(1/1) vm_util.py:364 INFO     Ran: {/snap/bin/kubectl --kubeconfig=/home/pakawat_nk/.kube/config exec -i pkb-e4cd7d12-1 -- /bin/bash -c cat /proc/sys/net/ipv4/tcp_congestion_control}  ReturnCode:1
STDOUT: 
STDERR: cat: /proc/sys/net/ipv4/tcp_congestion_control: No such file or directory
command terminated with exit code 1

2019-04-06 21:04:47,947 e4cd7d12 Thread-15 iperf(1/1) vm_util.py:315 INFO     Running: /snap/bin/kubectl --kubeconfig=/home/pakawat_nk/.kube/config exec -i pkb-e4cd7d12-1 -- /bin/bash -c lscpu
2019-04-06 21:04:48,131 e4cd7d12 Thread-16 iperf(1/1) vm_util.py:366 DEBUG    Ran: {/snap/bin/kubectl --kubeconfig=/home/pakawat_nk/.kube/config exec -i pkb-e4cd7d12-0 -- /bin/bash -c lscpu}  ReturnCode:0
STDOUT: Architecture:          x86_64
CPU op-mode(s):        32-bit, 64-bit
Byte Order:            Little Endian
CPU(s):                1
On-line CPU(s) list:   0
Thread(s) per core:    1
Core(s) per socket:    1
Socket(s):             1
NUMA node(s):          1
Vendor ID:             GenuineIntel
CPU family:            6
Model:                 85
Stepping:              3
CPU MHz:               2000.148
BogoMIPS:              4000.29
Hypervisor vendor:     KVM
Virtualization type:   full
L1d cache:             32K
L1i cache:             32K
L2 cache:              256K
L3 cache:              56320K
NUMA node0 CPU(s):     0

STDERR: 
2019-04-06 21:04:48,133 e4cd7d12 Thread-16 iperf(1/1) vm_util.py:315 INFO     Running: /snap/bin/kubectl --kubeconfig=/home/pakawat_nk/.kube/config exec -i pkb-e4cd7d12-0 -- /bin/bash -c sudo DEBIAN_FRONTEND='noninteractive' /usr/bin/apt-get -y install lsb-release
2019-04-06 21:04:48,329 e4cd7d12 Thread-15 iperf(1/1) vm_util.py:366 DEBUG    Ran: {/snap/bin/kubectl --kubeconfig=/home/pakawat_nk/.kube/config exec -i pkb-e4cd7d12-1 -- /bin/bash -c lscpu}  ReturnCode:0
STDOUT: Architecture:          x86_64
CPU op-mode(s):        32-bit, 64-bit
Byte Order:            Little Endian
CPU(s):                1
On-line CPU(s) list:   0
Thread(s) per core:    1
Core(s) per socket:    1
Socket(s):             1
NUMA node(s):          1
Vendor ID:             GenuineIntel
CPU family:            6
Model:                 85
Stepping:              3
CPU MHz:               2000.166
BogoMIPS:              4000.33
Hypervisor vendor:     KVM
Virtualization type:   full
L1d cache:             32K
L1i cache:             32K
L2 cache:              256K
L3 cache:              56320K
NUMA node0 CPU(s):     0

STDERR: 
2019-04-06 21:04:48,330 e4cd7d12 Thread-15 iperf(1/1) vm_util.py:315 INFO     Running: /snap/bin/kubectl --kubeconfig=/home/pakawat_nk/.kube/config exec -i pkb-e4cd7d12-1 -- /bin/bash -c sudo DEBIAN_FRONTEND='noninteractive' /usr/bin/apt-get -y install lsb-release
2019-04-06 21:04:50,333 e4cd7d12 Thread-16 iperf(1/1) vm_util.py:366 DEBUG    Ran: {/snap/bin/kubectl --kubeconfig=/home/pakawat_nk/.kube/config exec -i pkb-e4cd7d12-0 -- /bin/bash -c sudo DEBIAN_FRONTEND='noninteractive' /usr/bin/apt-get -y install lsb-release}  ReturnCode:0
STDOUT: Reading package lists...
Building dependency tree...
Reading state information...
lsb-release is already the newest version.
0 upgraded, 0 newly installed, 0 to remove and 8 not upgraded.

STDERR: 
2019-04-06 21:04:50,333 e4cd7d12 Thread-16 iperf(1/1) vm_util.py:315 INFO     Running: /snap/bin/kubectl --kubeconfig=/home/pakawat_nk/.kube/config exec -i pkb-e4cd7d12-0 -- /bin/bash -c lsb_release -d
2019-04-06 21:04:50,783 e4cd7d12 Thread-15 iperf(1/1) vm_util.py:366 DEBUG    Ran: {/snap/bin/kubectl --kubeconfig=/home/pakawat_nk/.kube/config exec -i pkb-e4cd7d12-1 -- /bin/bash -c sudo DEBIAN_FRONTEND='noninteractive' /usr/bin/apt-get -y install lsb-release}  ReturnCode:0
STDOUT: Reading package lists...
Building dependency tree...
Reading state information...
lsb-release is already the newest version.
0 upgraded, 0 newly installed, 0 to remove and 8 not upgraded.

STDERR: 
2019-04-06 21:04:50,784 e4cd7d12 Thread-15 iperf(1/1) vm_util.py:315 INFO     Running: /snap/bin/kubectl --kubeconfig=/home/pakawat_nk/.kube/config exec -i pkb-e4cd7d12-1 -- /bin/bash -c lsb_release -d
2019-04-06 21:04:50,802 e4cd7d12 Thread-16 iperf(1/1) vm_util.py:366 DEBUG    Ran: {/snap/bin/kubectl --kubeconfig=/home/pakawat_nk/.kube/config exec -i pkb-e4cd7d12-0 -- /bin/bash -c lsb_release -d}  ReturnCode:0
STDOUT: Description:	Ubuntu 14.04.6 LTS

STDERR: 
2019-04-06 21:04:50,803 e4cd7d12 Thread-16 iperf(1/1) vm_util.py:315 INFO     Running: /snap/bin/kubectl --kubeconfig=/home/pakawat_nk/.kube/config exec -i pkb-e4cd7d12-0 -- /bin/bash -c uname -r
2019-04-06 21:04:51,237 e4cd7d12 Thread-16 iperf(1/1) vm_util.py:366 DEBUG    Ran: {/snap/bin/kubectl --kubeconfig=/home/pakawat_nk/.kube/config exec -i pkb-e4cd7d12-0 -- /bin/bash -c uname -r}  ReturnCode:0
STDOUT: 4.14.91+

STDERR: 
2019-04-06 21:04:51,237 e4cd7d12 Thread-16 iperf(1/1) vm_util.py:315 INFO     Running: /snap/bin/kubectl --kubeconfig=/home/pakawat_nk/.kube/config exec -i pkb-e4cd7d12-0 -- /bin/bash -c sudo DEBIAN_FRONTEND='noninteractive' /usr/bin/apt-get -y install ssh
2019-04-06 21:04:51,365 e4cd7d12 Thread-15 iperf(1/1) vm_util.py:366 DEBUG    Ran: {/snap/bin/kubectl --kubeconfig=/home/pakawat_nk/.kube/config exec -i pkb-e4cd7d12-1 -- /bin/bash -c lsb_release -d}  ReturnCode:0
STDOUT: Description:	Ubuntu 14.04.6 LTS

STDERR: 
2019-04-06 21:04:51,366 e4cd7d12 Thread-15 iperf(1/1) vm_util.py:315 INFO     Running: /snap/bin/kubectl --kubeconfig=/home/pakawat_nk/.kube/config exec -i pkb-e4cd7d12-1 -- /bin/bash -c uname -r
2019-04-06 21:04:51,701 e4cd7d12 Thread-15 iperf(1/1) vm_util.py:366 DEBUG    Ran: {/snap/bin/kubectl --kubeconfig=/home/pakawat_nk/.kube/config exec -i pkb-e4cd7d12-1 -- /bin/bash -c uname -r}  ReturnCode:0
STDOUT: 4.14.91+

STDERR: 
2019-04-06 21:04:51,701 e4cd7d12 Thread-15 iperf(1/1) vm_util.py:315 INFO     Running: /snap/bin/kubectl --kubeconfig=/home/pakawat_nk/.kube/config exec -i pkb-e4cd7d12-1 -- /bin/bash -c sudo DEBIAN_FRONTEND='noninteractive' /usr/bin/apt-get -y install ssh
2019-04-06 21:04:53,771 e4cd7d12 Thread-16 iperf(1/1) vm_util.py:366 DEBUG    Ran: {/snap/bin/kubectl --kubeconfig=/home/pakawat_nk/.kube/config exec -i pkb-e4cd7d12-0 -- /bin/bash -c sudo DEBIAN_FRONTEND='noninteractive' /usr/bin/apt-get -y install ssh}  ReturnCode:0
STDOUT: Reading package lists...
Building dependency tree...
Reading state information...
ssh is already the newest version.
0 upgraded, 0 newly installed, 0 to remove and 8 not upgraded.

STDERR: 
2019-04-06 21:04:53,772 e4cd7d12 Thread-16 iperf(1/1) vm_util.py:315 INFO     Running: /snap/bin/kubectl --kubeconfig=/home/pakawat_nk/.kube/config exec -i pkb-e4cd7d12-0 -- /bin/bash -c sudo /etc/init.d/ssh restart
2019-04-06 21:04:54,011 e4cd7d12 Thread-15 iperf(1/1) vm_util.py:366 DEBUG    Ran: {/snap/bin/kubectl --kubeconfig=/home/pakawat_nk/.kube/config exec -i pkb-e4cd7d12-1 -- /bin/bash -c sudo DEBIAN_FRONTEND='noninteractive' /usr/bin/apt-get -y install ssh}  ReturnCode:0
STDOUT: Reading package lists...
Building dependency tree...
Reading state information...
ssh is already the newest version.
0 upgraded, 0 newly installed, 0 to remove and 8 not upgraded.

STDERR: 
2019-04-06 21:04:54,012 e4cd7d12 Thread-15 iperf(1/1) vm_util.py:315 INFO     Running: /snap/bin/kubectl --kubeconfig=/home/pakawat_nk/.kube/config exec -i pkb-e4cd7d12-1 -- /bin/bash -c sudo /etc/init.d/ssh restart
2019-04-06 21:04:54,117 e4cd7d12 Thread-16 iperf(1/1) vm_util.py:366 DEBUG    Ran: {/snap/bin/kubectl --kubeconfig=/home/pakawat_nk/.kube/config exec -i pkb-e4cd7d12-0 -- /bin/bash -c sudo /etc/init.d/ssh restart}  ReturnCode:0
STDOUT:  * Restarting OpenBSD Secure Shell server sshd
   ...done.

STDERR: 
2019-04-06 21:04:54,117 e4cd7d12 Thread-16 iperf(1/1) vm_util.py:315 INFO     Running: /snap/bin/kubectl --kubeconfig=/home/pakawat_nk/.kube/config exec -i pkb-e4cd7d12-0 -- /bin/bash -c mkdir -p ~/.ssh
2019-04-06 21:04:54,397 e4cd7d12 Thread-15 iperf(1/1) vm_util.py:366 DEBUG    Ran: {/snap/bin/kubectl --kubeconfig=/home/pakawat_nk/.kube/config exec -i pkb-e4cd7d12-1 -- /bin/bash -c sudo /etc/init.d/ssh restart}  ReturnCode:0
STDOUT:  * Restarting OpenBSD Secure Shell server sshd
   ...done.

STDERR: 
2019-04-06 21:04:54,397 e4cd7d12 Thread-15 iperf(1/1) vm_util.py:315 INFO     Running: /snap/bin/kubectl --kubeconfig=/home/pakawat_nk/.kube/config exec -i pkb-e4cd7d12-1 -- /bin/bash -c mkdir -p ~/.ssh
2019-04-06 21:04:54,464 e4cd7d12 Thread-16 iperf(1/1) vm_util.py:366 DEBUG    Ran: {/snap/bin/kubectl --kubeconfig=/home/pakawat_nk/.kube/config exec -i pkb-e4cd7d12-0 -- /bin/bash -c mkdir -p ~/.ssh}  ReturnCode:0
STDOUT: 
STDERR: 
2019-04-06 21:04:54,464 e4cd7d12 Thread-16 iperf(1/1) vm_util.py:315 INFO     Running: /snap/bin/kubectl --kubeconfig=/home/pakawat_nk/.kube/config exec -i pkb-e4cd7d12-0 -- /bin/bash -c echo "ssh-rsa AAAAB3NzaC1yc2EAAAADAQABAAABAQDXBg5OSTgewRmGK+F6iGAmLOKejO/hAzlvpfgAwZ8MV5G9RjB25I8LejnwGC0PrUuDZ5ei6sucp1Kku7u5rXVNJpil46nS3n8UsLyt/XwYyPLUUdfbC8VQulC04gd+7JZr9zafIn7zuEi/EWnXnFrF6Pb5s1bg++4PkpS6HY/Hfj1dCbHKMCvwiQOGFrcAvgwlPlY73VqKrr1Ljd3xp1HTrgN2Zn2KfRIzgLxiu34WZb+KBjHmv06b1kAUvmRdZ+KXZFAYj7sq9ES4Q/rsDjTiKdOH+AtAXLanTdDSiwQquW5QsxaE0Gd/YOSwihBdwwkKYfbRs7A+lTtt5PfHNyev pakawat_nk@benchmark
" >> ~/.ssh/authorized_keys
2019-04-06 21:04:54,754 e4cd7d12 Thread-15 iperf(1/1) vm_util.py:366 DEBUG    Ran: {/snap/bin/kubectl --kubeconfig=/home/pakawat_nk/.kube/config exec -i pkb-e4cd7d12-1 -- /bin/bash -c mkdir -p ~/.ssh}  ReturnCode:0
STDOUT: 
STDERR: 
2019-04-06 21:04:54,755 e4cd7d12 Thread-15 iperf(1/1) vm_util.py:315 INFO     Running: /snap/bin/kubectl --kubeconfig=/home/pakawat_nk/.kube/config exec -i pkb-e4cd7d12-1 -- /bin/bash -c echo "ssh-rsa AAAAB3NzaC1yc2EAAAADAQABAAABAQDXBg5OSTgewRmGK+F6iGAmLOKejO/hAzlvpfgAwZ8MV5G9RjB25I8LejnwGC0PrUuDZ5ei6sucp1Kku7u5rXVNJpil46nS3n8UsLyt/XwYyPLUUdfbC8VQulC04gd+7JZr9zafIn7zuEi/EWnXnFrF6Pb5s1bg++4PkpS6HY/Hfj1dCbHKMCvwiQOGFrcAvgwlPlY73VqKrr1Ljd3xp1HTrgN2Zn2KfRIzgLxiu34WZb+KBjHmv06b1kAUvmRdZ+KXZFAYj7sq9ES4Q/rsDjTiKdOH+AtAXLanTdDSiwQquW5QsxaE0Gd/YOSwihBdwwkKYfbRs7A+lTtt5PfHNyev pakawat_nk@benchmark
" >> ~/.ssh/authorized_keys
2019-04-06 21:04:54,875 e4cd7d12 Thread-16 iperf(1/1) vm_util.py:366 DEBUG    Ran: {/snap/bin/kubectl --kubeconfig=/home/pakawat_nk/.kube/config exec -i pkb-e4cd7d12-0 -- /bin/bash -c echo "ssh-rsa AAAAB3NzaC1yc2EAAAADAQABAAABAQDXBg5OSTgewRmGK+F6iGAmLOKejO/hAzlvpfgAwZ8MV5G9RjB25I8LejnwGC0PrUuDZ5ei6sucp1Kku7u5rXVNJpil46nS3n8UsLyt/XwYyPLUUdfbC8VQulC04gd+7JZr9zafIn7zuEi/EWnXnFrF6Pb5s1bg++4PkpS6HY/Hfj1dCbHKMCvwiQOGFrcAvgwlPlY73VqKrr1Ljd3xp1HTrgN2Zn2KfRIzgLxiu34WZb+KBjHmv06b1kAUvmRdZ+KXZFAYj7sq9ES4Q/rsDjTiKdOH+AtAXLanTdDSiwQquW5QsxaE0Gd/YOSwihBdwwkKYfbRs7A+lTtt5PfHNyev pakawat_nk@benchmark
" >> ~/.ssh/authorized_keys}  ReturnCode:0
STDOUT: 
STDERR: 
2019-04-06 21:04:55,081 e4cd7d12 Thread-15 iperf(1/1) vm_util.py:366 DEBUG    Ran: {/snap/bin/kubectl --kubeconfig=/home/pakawat_nk/.kube/config exec -i pkb-e4cd7d12-1 -- /bin/bash -c echo "ssh-rsa AAAAB3NzaC1yc2EAAAADAQABAAABAQDXBg5OSTgewRmGK+F6iGAmLOKejO/hAzlvpfgAwZ8MV5G9RjB25I8LejnwGC0PrUuDZ5ei6sucp1Kku7u5rXVNJpil46nS3n8UsLyt/XwYyPLUUdfbC8VQulC04gd+7JZr9zafIn7zuEi/EWnXnFrF6Pb5s1bg++4PkpS6HY/Hfj1dCbHKMCvwiQOGFrcAvgwlPlY73VqKrr1Ljd3xp1HTrgN2Zn2KfRIzgLxiu34WZb+KBjHmv06b1kAUvmRdZ+KXZFAYj7sq9ES4Q/rsDjTiKdOH+AtAXLanTdDSiwQquW5QsxaE0Gd/YOSwihBdwwkKYfbRs7A+lTtt5PfHNyev pakawat_nk@benchmark
" >> ~/.ssh/authorized_keys}  ReturnCode:0
STDOUT: 
STDERR: 
2019-04-06 21:04:55,132 e4cd7d12 MainThread iperf(1/1) vm_util.py:526 INFO     ssh to VMs in this benchmark by name with:
  ssh -F /tmp/perfkitbenchmarker/runs/e4cd7d12/ssh_config <vm_name>
  ssh -F /tmp/perfkitbenchmarker/runs/e4cd7d12/ssh_config vm<index>
  ssh -F /tmp/perfkitbenchmarker/runs/e4cd7d12/ssh_config <group_name>-<index>
2019-04-06 21:04:55,135 e4cd7d12 MainThread iperf(1/1) pkb.py:561 INFO     Preparing benchmark iperf
2019-04-06 21:04:55,139 e4cd7d12 MainThread iperf(1/1) vm_util.py:315 INFO     Running: /snap/bin/kubectl --kubeconfig=/home/pakawat_nk/.kube/config exec -i pkb-e4cd7d12-0 -- /bin/bash -c sudo DEBIAN_FRONTEND='noninteractive' /usr/bin/apt-get -y install iperf
2019-04-06 21:04:59,299 e4cd7d12 MainThread iperf(1/1) vm_util.py:366 DEBUG    Ran: {/snap/bin/kubectl --kubeconfig=/home/pakawat_nk/.kube/config exec -i pkb-e4cd7d12-0 -- /bin/bash -c sudo DEBIAN_FRONTEND='noninteractive' /usr/bin/apt-get -y install iperf}  ReturnCode:0
STDOUT: Reading package lists...
Building dependency tree...
Reading state information...
The following NEW packages will be installed:
  iperf
0 upgraded, 1 newly installed, 0 to remove and 8 not upgraded.
Need to get 56.3 kB of archives.
After this operation, 174 kB of additional disk space will be used.
Get:1 http://archive.ubuntu.com/ubuntu/ trusty/universe iperf amd64 2.0.5-3 [56.3 kB]
Fetched 56.3 kB in 0s (733 kB/s)
Selecting previously unselected package iperf.
(Reading database ... 15898 files and directories currently installed.)
Preparing to unpack .../iperf_2.0.5-3_amd64.deb ...
Unpacking iperf (2.0.5-3) ...
Setting up iperf (2.0.5-3) ...

STDERR: 
2019-04-06 21:04:59,299 e4cd7d12 MainThread iperf(1/1) vm_util.py:315 INFO     Running: /snap/bin/kubectl --kubeconfig=/home/pakawat_nk/.kube/config exec -i pkb-e4cd7d12-0 -- /bin/bash -c nohup iperf --server --port 20000 &> /dev/null& echo $!
2019-04-06 21:04:59,609 e4cd7d12 MainThread iperf(1/1) vm_util.py:366 DEBUG    Ran: {/snap/bin/kubectl --kubeconfig=/home/pakawat_nk/.kube/config exec -i pkb-e4cd7d12-0 -- /bin/bash -c nohup iperf --server --port 20000 &> /dev/null& echo $!}  ReturnCode:0
STDOUT: 199

STDERR: 
2019-04-06 21:04:59,610 e4cd7d12 MainThread iperf(1/1) vm_util.py:315 INFO     Running: /snap/bin/kubectl --kubeconfig=/home/pakawat_nk/.kube/config exec -i pkb-e4cd7d12-1 -- /bin/bash -c sudo DEBIAN_FRONTEND='noninteractive' /usr/bin/apt-get -y install iperf
2019-04-06 21:05:03,968 e4cd7d12 MainThread iperf(1/1) vm_util.py:366 DEBUG    Ran: {/snap/bin/kubectl --kubeconfig=/home/pakawat_nk/.kube/config exec -i pkb-e4cd7d12-1 -- /bin/bash -c sudo DEBIAN_FRONTEND='noninteractive' /usr/bin/apt-get -y install iperf}  ReturnCode:0
STDOUT: Reading package lists...
Building dependency tree...
Reading state information...
The following NEW packages will be installed:
  iperf
0 upgraded, 1 newly installed, 0 to remove and 8 not upgraded.
Need to get 56.3 kB of archives.
After this operation, 174 kB of additional disk space will be used.
Get:1 http://archive.ubuntu.com/ubuntu/ trusty/universe iperf amd64 2.0.5-3 [56.3 kB]
Fetched 56.3 kB in 0s (592 kB/s)
Selecting previously unselected package iperf.
(Reading database ... 15898 files and directories currently installed.)
Preparing to unpack .../iperf_2.0.5-3_amd64.deb ...
Unpacking iperf (2.0.5-3) ...
Setting up iperf (2.0.5-3) ...

STDERR: 
2019-04-06 21:05:03,969 e4cd7d12 MainThread iperf(1/1) vm_util.py:315 INFO     Running: /snap/bin/kubectl --kubeconfig=/home/pakawat_nk/.kube/config exec -i pkb-e4cd7d12-1 -- /bin/bash -c nohup iperf --server --port 20000 &> /dev/null& echo $!
2019-04-06 21:05:04,300 e4cd7d12 MainThread iperf(1/1) vm_util.py:366 DEBUG    Ran: {/snap/bin/kubectl --kubeconfig=/home/pakawat_nk/.kube/config exec -i pkb-e4cd7d12-1 -- /bin/bash -c nohup iperf --server --port 20000 &> /dev/null& echo $!}  ReturnCode:0
STDOUT: 199

STDERR: 
2019-04-06 21:05:04,304 e4cd7d12 MainThread iperf(1/1) pkb.py:595 INFO     Running benchmark iperf
2019-04-06 21:05:04,305 e4cd7d12 MainThread iperf(1/1) iperf_benchmark.py:169 INFO     Iperf Results:
2019-04-06 21:05:04,305 e4cd7d12 MainThread iperf(1/1) iperf_benchmark.py:174 INFO     TKTKTKTKIperf Results: None
2019-04-06 21:05:04,305 e4cd7d12 MainThread iperf(1/1) iperf_benchmark.py:175 INFO     TKTKTKTKIperf Results: <BaseVirtualMachine [ip=None, internal_ip=10.8.0.23]>
2019-04-06 21:05:04,306 e4cd7d12 MainThread iperf(1/1) vm_util.py:315 INFO     Running: /snap/bin/kubectl --kubeconfig=/home/pakawat_nk/.kube/config exec -i pkb-e4cd7d12-0 -- /bin/bash -c iperf --client 10.8.0.23 --port 20000 --format m --time 60 -P 1
2019-04-06 21:06:04,640 e4cd7d12 MainThread iperf(1/1) vm_util.py:364 INFO     Ran: {/snap/bin/kubectl --kubeconfig=/home/pakawat_nk/.kube/config exec -i pkb-e4cd7d12-0 -- /bin/bash -c iperf --client 10.8.0.23 --port 20000 --format m --time 60 -P 1}  ReturnCode:0
STDOUT: ------------------------------------------------------------
Client connecting to 10.8.0.23, TCP port 20000
TCP window size: 0.04 MByte (default)
------------------------------------------------------------
[  3] local 10.8.2.16 port 38830 connected with 10.8.0.23 port 20000
[ ID] Interval       Transfer     Bandwidth
[  3]  0.0-60.0 sec  13978 MBytes  1954 Mbits/sec

STDERR: 
2019-04-06 21:06:04,643 e4cd7d12 MainThread iperf(1/1) iperf_benchmark.py:174 INFO     TKTKTKTKIperf Results: None
2019-04-06 21:06:04,643 e4cd7d12 MainThread iperf(1/1) iperf_benchmark.py:175 INFO     TKTKTKTKIperf Results: <BaseVirtualMachine [ip=None, internal_ip=10.8.2.16]>
2019-04-06 21:06:04,643 e4cd7d12 MainThread iperf(1/1) vm_util.py:315 INFO     Running: /snap/bin/kubectl --kubeconfig=/home/pakawat_nk/.kube/config exec -i pkb-e4cd7d12-1 -- /bin/bash -c iperf --client 10.8.2.16 --port 20000 --format m --time 60 -P 1
2019-04-06 21:07:05,016 e4cd7d12 MainThread iperf(1/1) vm_util.py:364 INFO     Ran: {/snap/bin/kubectl --kubeconfig=/home/pakawat_nk/.kube/config exec -i pkb-e4cd7d12-1 -- /bin/bash -c iperf --client 10.8.2.16 --port 20000 --format m --time 60 -P 1}  ReturnCode:0
STDOUT: ------------------------------------------------------------
Client connecting to 10.8.2.16, TCP port 20000
TCP window size: 0.04 MByte (default)
------------------------------------------------------------
[  3] local 10.8.0.23 port 55604 connected with 10.8.2.16 port 20000
[ ID] Interval       Transfer     Bandwidth
[  3]  0.0-60.0 sec  13963 MBytes  1952 Mbits/sec

STDERR: 
2019-04-06 21:07:05,018 e4cd7d12 MainThread iperf(1/1) vm_util.py:315 INFO     Running: /snap/bin/kubectl --kubeconfig=/home/pakawat_nk/.kube/config exec -i pkb-e4cd7d12-1 -- /bin/bash -c cat /proc/cpuinfo | grep processor | wc -l
2019-04-06 21:07:05,459 e4cd7d12 MainThread iperf(1/1) vm_util.py:366 DEBUG    Ran: {/snap/bin/kubectl --kubeconfig=/home/pakawat_nk/.kube/config exec -i pkb-e4cd7d12-1 -- /bin/bash -c cat /proc/cpuinfo | grep processor | wc -l}  ReturnCode:0
STDOUT: 1

STDERR: 
2019-04-06 21:07:05,460 e4cd7d12 MainThread iperf(1/1) vm_util.py:315 INFO     Running: /snap/bin/kubectl --kubeconfig=/home/pakawat_nk/.kube/config exec -i pkb-e4cd7d12-0 -- /bin/bash -c cat /proc/cpuinfo | grep processor | wc -l
2019-04-06 21:07:05,829 e4cd7d12 MainThread iperf(1/1) vm_util.py:366 DEBUG    Ran: {/snap/bin/kubectl --kubeconfig=/home/pakawat_nk/.kube/config exec -i pkb-e4cd7d12-0 -- /bin/bash -c cat /proc/cpuinfo | grep processor | wc -l}  ReturnCode:0
STDOUT: 1

STDERR: 
2019-04-06 21:07:05,830 e4cd7d12 MainThread iperf(1/1) pkb.py:646 INFO     Cleaning up benchmark iperf
2019-04-06 21:07:05,831 e4cd7d12 MainThread iperf(1/1) pkb.py:665 INFO     Tearing down resources for benchmark iperf
2019-04-06 21:07:05,833 e4cd7d12 Thread-57 iperf(1/1) vm_util.py:315 INFO     Running: /snap/bin/kubectl --kubeconfig=/home/pakawat_nk/.kube/config delete pod pkb-e4cd7d12-1
2019-04-06 21:07:05,837 e4cd7d12 Thread-58 iperf(1/1) vm_util.py:315 INFO     Running: /snap/bin/kubectl --kubeconfig=/home/pakawat_nk/.kube/config delete pod pkb-e4cd7d12-0
2019-04-06 21:07:38,353 e4cd7d12 Thread-58 iperf(1/1) vm_util.py:366 DEBUG    Ran: {/snap/bin/kubectl --kubeconfig=/home/pakawat_nk/.kube/config delete pod pkb-e4cd7d12-0}  ReturnCode:0
STDOUT: pod "pkb-e4cd7d12-0" deleted

STDERR: 
2019-04-06 21:07:38,353 e4cd7d12 Thread-58 iperf(1/1) kubernetes_virtual_machine.py:150 INFO     pod "pkb-e4cd7d12-0" deleted
2019-04-06 21:07:38,354 e4cd7d12 Thread-58 iperf(1/1) vm_util.py:315 INFO     Running: /snap/bin/kubectl --kubeconfig=/home/pakawat_nk/.kube/config get pod -o=json pkb-e4cd7d12-0
2019-04-06 21:07:38,528 e4cd7d12 Thread-58 iperf(1/1) vm_util.py:366 DEBUG    Ran: {/snap/bin/kubectl --kubeconfig=/home/pakawat_nk/.kube/config get pod -o=json pkb-e4cd7d12-0}  ReturnCode:1
STDOUT: 
STDERR: Error from server (NotFound): pods "pkb-e4cd7d12-0" not found

2019-04-06 21:07:48,494 e4cd7d12 Thread-57 iperf(1/1) vm_util.py:366 DEBUG    Ran: {/snap/bin/kubectl --kubeconfig=/home/pakawat_nk/.kube/config delete pod pkb-e4cd7d12-1}  ReturnCode:0
STDOUT: pod "pkb-e4cd7d12-1" deleted

STDERR: 
2019-04-06 21:07:48,494 e4cd7d12 Thread-57 iperf(1/1) kubernetes_virtual_machine.py:150 INFO     pod "pkb-e4cd7d12-1" deleted
2019-04-06 21:07:48,494 e4cd7d12 Thread-57 iperf(1/1) vm_util.py:315 INFO     Running: /snap/bin/kubectl --kubeconfig=/home/pakawat_nk/.kube/config get pod -o=json pkb-e4cd7d12-1
2019-04-06 21:07:48,654 e4cd7d12 Thread-57 iperf(1/1) vm_util.py:366 DEBUG    Ran: {/snap/bin/kubectl --kubeconfig=/home/pakawat_nk/.kube/config get pod -o=json pkb-e4cd7d12-1}  ReturnCode:1
STDOUT: 
STDERR: Error from server (NotFound): pods "pkb-e4cd7d12-1" not found

2019-04-06 21:07:48,668 e4cd7d12 MainThread publisher.py:455 INFO     
-------------------------PerfKitBenchmarker Complete Results-------------------------
{'metadata': {'ip_type': 'internal',
              'perfkitbenchmarker_version': 'v1.12.0-1081-g5b4f8028',
              'receiving_machine_type': None,
              'receiving_zone': None,
              'run_number': 0,
              'runtime_in_seconds': 60,
              'sending_machine_type': None,
              'sending_thread_count': 1,
              'sending_zone': None,
              'vm_1_cloud': 'Kubernetes',
              'vm_1_image': 'gcr.io/cs5052-p2/myappmew',
              'vm_1_kernel_release': u'4.14.91+',
              'vm_1_num_cpus': 1,
              'vm_1_numa_node_count': 1,
              'vm_1_os_info': u'Ubuntu 14.04.6 LTS',
              'vm_1_tcp_congestion_control': 'unknown',
              'vm_1_vm_count': 1,
              'vm_1_zone': None,
              'vm_2_cloud': 'Kubernetes',
              'vm_2_image': 'gcr.io/cs5052-p2/myappmew',
              'vm_2_kernel_release': u'4.14.91+',
              'vm_2_num_cpus': 1,
              'vm_2_numa_node_count': 1,
              'vm_2_os_info': u'Ubuntu 14.04.6 LTS',
              'vm_2_tcp_congestion_control': 'unknown',
              'vm_2_vm_count': 1,
              'vm_2_zone': None},
 'metric': 'Throughput',
 'official': False,
 'owner': 'pakawat_nk',
 'product_name': 'PerfKitBenchmarker',
 'run_uri': 'e4cd7d12-9bf75928-b2ef-460b-a6c8-8f06357e3684',
 'sample_uri': 'eb401d34-d9d5-4388-98c0-5fe87a56ae77',
 'test': 'iperf',
 'timestamp': 1554584764.643113,
 'unit': 'Mbits/sec',
 'value': 1954.0}
{'metadata': {'ip_type': 'internal',
              'perfkitbenchmarker_version': 'v1.12.0-1081-g5b4f8028',
              'receiving_machine_type': None,
              'receiving_zone': None,
              'run_number': 0,
              'runtime_in_seconds': 60,
              'sending_machine_type': None,
              'sending_thread_count': 1,
              'sending_zone': None,
              'vm_1_cloud': 'Kubernetes',
              'vm_1_image': 'gcr.io/cs5052-p2/myappmew',
              'vm_1_kernel_release': u'4.14.91+',
              'vm_1_num_cpus': 1,
              'vm_1_numa_node_count': 1,
              'vm_1_os_info': u'Ubuntu 14.04.6 LTS',
              'vm_1_tcp_congestion_control': 'unknown',
              'vm_1_vm_count': 1,
              'vm_1_zone': None,
              'vm_2_cloud': 'Kubernetes',
              'vm_2_image': 'gcr.io/cs5052-p2/myappmew',
              'vm_2_kernel_release': u'4.14.91+',
              'vm_2_num_cpus': 1,
              'vm_2_numa_node_count': 1,
              'vm_2_os_info': u'Ubuntu 14.04.6 LTS',
              'vm_2_tcp_congestion_control': 'unknown',
              'vm_2_vm_count': 1,
              'vm_2_zone': None},
 'metric': 'Throughput',
 'official': False,
 'owner': 'pakawat_nk',
 'product_name': 'PerfKitBenchmarker',
 'run_uri': 'e4cd7d12-9bf75928-b2ef-460b-a6c8-8f06357e3684',
 'sample_uri': 'aedf71c8-e406-42cd-8de1-c8901917392f',
 'test': 'iperf',
 'timestamp': 1554584825.018052,
 'unit': 'Mbits/sec',
 'value': 1952.0}
{'metadata': {'perfkitbenchmarker_version': 'v1.12.0-1081-g5b4f8028',
              'vm_1_cloud': 'Kubernetes',
              'vm_1_image': 'gcr.io/cs5052-p2/myappmew',
              'vm_1_kernel_release': u'4.14.91+',
              'vm_1_num_cpus': 1,
              'vm_1_numa_node_count': 1,
              'vm_1_os_info': u'Ubuntu 14.04.6 LTS',
              'vm_1_tcp_congestion_control': 'unknown',
              'vm_1_vm_count': 1,
              'vm_1_zone': None,
              'vm_2_cloud': 'Kubernetes',
              'vm_2_image': 'gcr.io/cs5052-p2/myappmew',
              'vm_2_kernel_release': u'4.14.91+',
              'vm_2_num_cpus': 1,
              'vm_2_numa_node_count': 1,
              'vm_2_os_info': u'Ubuntu 14.04.6 LTS',
              'vm_2_tcp_congestion_control': 'unknown',
              'vm_2_vm_count': 1,
              'vm_2_zone': None},
 'metric': 'End to End Runtime',
 'official': False,
 'owner': 'pakawat_nk',
 'product_name': 'PerfKitBenchmarker',
 'run_uri': 'e4cd7d12-9bf75928-b2ef-460b-a6c8-8f06357e3684',
 'sample_uri': '97678c74-bec1-4fbd-990c-52c10f9a99e3',
 'test': 'iperf',
 'timestamp': 1554584868.66249,
 'unit': 'seconds',
 'value': 198.0206880569458}

2019-04-06 21:07:48,673 e4cd7d12 MainThread publisher.py:428 DEBUG    Pretty-printing results to <open file '<stdout>', mode 'w' at 0x7fe6a54cd150>:

-------------------------PerfKitBenchmarker Results Summary-------------------------
IPERF:
  ip_type="internal" run_number="0" runtime_in_seconds="60" sending_thread_count="1"
  Throughput                         1954.000000 Mbits/sec                     
  Throughput                         1952.000000 Mbits/sec                     
  End to End Runtime                  198.020688 seconds                       

-------------------------
For all tests: perfkitbenchmarker_version="v1.12.0-1081-g5b4f8028" receiving_machine_type="None" receiving_zone="None" sending_machine_type="None" sending_zone="None" vm_1_cloud="Kubernetes" vm_1_image="gcr.io/cs5052-p2/myappmew" vm_1_kernel_release="4.14.91+" vm_1_num_cpus="1" vm_1_numa_node_count="1" vm_1_os_info="Ubuntu 14.04.6 LTS" vm_1_tcp_congestion_control="unknown" vm_1_vm_count="1" vm_1_zone="None" vm_2_cloud="Kubernetes" vm_2_image="gcr.io/cs5052-p2/myappmew" vm_2_kernel_release="4.14.91+" vm_2_num_cpus="1" vm_2_numa_node_count="1" vm_2_os_info="Ubuntu 14.04.6 LTS" vm_2_tcp_congestion_control="unknown" vm_2_vm_count="1" vm_2_zone="None"

2019-04-06 21:07:48,674 e4cd7d12 MainThread publisher.py:485 INFO     Publishing 3 samples to /tmp/perfkitbenchmarker/runs/e4cd7d12/perfkitbenchmarker_results.json
2019-04-06 21:07:48,674 e4cd7d12 MainThread pkb.py:1032 INFO     Benchmark run statuses:
------------------------------------------
Name   UID     Status     Failed Substatus
------------------------------------------
iperf  iperf0  SUCCEEDED                  
------------------------------------------
Success rate: 100.00% (1/1)
2019-04-06 21:07:48,675 e4cd7d12 MainThread pkb.py:1035 INFO     Complete logs can be found at: /tmp/perfkitbenchmarker/runs/e4cd7d12/pkb.log
2019-04-06 21:07:48,675 e4cd7d12 MainThread pkb.py:1037 INFO     Completion statuses can be found at: /tmp/perfkitbenchmarker/runs/e4cd7d12/completion_statuses.json
