2019-04-09 01:13:17,397 5b761a73 MainThread pkb.py:940 INFO     PerfKitBenchmarker version: unknown
2019-04-09 01:13:17,399 5b761a73 MainThread pkb.py:914 INFO     Flag values:
--cloud=Kubernetes
--kubeconfig=/home/pakawat_nk/.kube/config
--kubectl=/snap/bin/kubectl
--benchmarks=iperf
--max_concurrent_threads=1
2019-04-09 01:13:17,586 5b761a73 MainThread __init__.py:257 WARNING  The key "flags" was not in the default config, but was in user overrides. This may indicate a typo.
2019-04-09 01:13:17,597 5b761a73 MainThread publisher.py:864 DEBUG    Using publishers: [<LogPublisher logger=<logging.RootLogger object at 0x7f823b72f690> level=20>, <PrettyPrintStreamPublisher stream=<open file '<stdout>', mode 'w' at 0x7f823cf5e150>>, <NewlineDelimitedJSONPublisher file_path="/tmp/perfkitbenchmarker/runs/5b761a73/perfkitbenchmarker_results.json" mode="wb">]
2019-04-09 01:13:17,598 5b761a73 MainThread publisher.py:864 DEBUG    Using publishers: [<LogPublisher logger=<logging.RootLogger object at 0x7f823b72f690> level=20>, <PrettyPrintStreamPublisher stream=<open file '<stdout>', mode 'w' at 0x7f823cf5e150>>, <NewlineDelimitedJSONPublisher file_path="/tmp/perfkitbenchmarker/runs/5b761a73/perfkitbenchmarker_results.json" mode="wb">]
2019-04-09 01:13:17,598 5b761a73 MainThread iperf(1/1) pkb.py:523 INFO     Provisioning resources for benchmark iperf
2019-04-09 01:13:17,602 5b761a73 Thread-1 iperf(1/1) kubernetes_virtual_machine.py:120 INFO     Name: pkb-5b761a73-0
2019-04-09 01:13:17,602 5b761a73 Thread-1 iperf(1/1) kubernetes_virtual_machine.py:146 INFO     Waiting for POD pkb-5b761a73-0
2019-04-09 01:13:17,603 5b761a73 Thread-1 iperf(1/1) vm_util.py:315 INFO     Running: /snap/bin/kubectl --kubeconfig=/home/pakawat_nk/.kube/config get pod -o json
2019-04-09 01:13:17,998 5b761a73 Thread-1 iperf(1/1) vm_util.py:366 DEBUG    Ran: {/snap/bin/kubectl --kubeconfig=/home/pakawat_nk/.kube/config get pod -o json}  ReturnCode:0
STDOUT: {
    "apiVersion": "v1",
    "items": [
        {
            "apiVersion": "v1",
            "kind": "Pod",
            "metadata": {
                "annotations": {
                    "kubernetes.io/limit-ranger": "LimitRanger plugin set: cpu request for container mongo"
                },
                "creationTimestamp": "2019-04-08T23:38:09Z",
                "generateName": "mongo-controller-",
                "labels": {
                    "name": "mongo"
                },
                "name": "mongo-controller-nh9b4",
                "namespace": "default",
                "ownerReferences": [
                    {
                        "apiVersion": "v1",
                        "blockOwnerDeletion": true,
                        "controller": true,
                        "kind": "ReplicationController",
                        "name": "mongo-controller",
                        "uid": "5dd32c42-5a57-11e9-b45a-42010aa401a0"
                    }
                ],
                "resourceVersion": "1182",
                "selfLink": "/api/v1/namespaces/default/pods/mongo-controller-nh9b4",
                "uid": "5dd67f6d-5a57-11e9-b45a-42010aa401a0"
            },
            "spec": {
                "containers": [
                    {
                        "image": "mongo",
                        "imagePullPolicy": "Always",
                        "name": "mongo",
                        "ports": [
                            {
                                "containerPort": 27017,
                                "hostPort": 27017,
                                "name": "mongo",
                                "protocol": "TCP"
                            }
                        ],
                        "resources": {
                            "requests": {
                                "cpu": "100m"
                            }
                        },
                        "terminationMessagePath": "/dev/termination-log",
                        "terminationMessagePolicy": "File",
                        "volumeMounts": [
                            {
                                "mountPath": "/data/db",
                                "name": "mongo-persistent-storage"
                            },
                            {
                                "mountPath": "/var/run/secrets/kubernetes.io/serviceaccount",
                                "name": "default-token-rngwh",
                                "readOnly": true
                            }
                        ]
                    }
                ],
                "dnsPolicy": "ClusterFirst",
                "nodeName": "gke-bm1-9922-default-pool-ed8cc3fe-d6ck",
                "priority": 0,
                "restartPolicy": "Always",
                "schedulerName": "default-scheduler",
                "securityContext": {},
                "serviceAccount": "default",
                "serviceAccountName": "default",
                "terminationGracePeriodSeconds": 30,
                "tolerations": [
                    {
                        "effect": "NoExecute",
                        "key": "node.kubernetes.io/not-ready",
                        "operator": "Exists",
                        "tolerationSeconds": 300
                    },
                    {
                        "effect": "NoExecute",
                        "key": "node.kubernetes.io/unreachable",
                        "operator": "Exists",
                        "tolerationSeconds": 300
                    }
                ],
                "volumes": [
                    {
                        "gcePersistentDisk": {
                            "fsType": "ext4",
                            "pdName": "mongo-disk"
                        },
                        "name": "mongo-persistent-storage"
                    },
                    {
                        "name": "default-token-rngwh",
                        "secret": {
                            "defaultMode": 420,
                            "secretName": "default-token-rngwh"
                        }
                    }
                ]
            },
            "status": {
                "conditions": [
                    {
                        "lastProbeTime": null,
                        "lastTransitionTime": "2019-04-08T23:38:09Z",
                        "status": "True",
                        "type": "Initialized"
                    },
                    {
                        "lastProbeTime": null,
                        "lastTransitionTime": "2019-04-08T23:38:42Z",
                        "status": "True",
                        "type": "Ready"
                    },
                    {
                        "lastProbeTime": null,
                        "lastTransitionTime": null,
                        "status": "True",
                        "type": "ContainersReady"
                    },
                    {
                        "lastProbeTime": null,
                        "lastTransitionTime": "2019-04-08T23:38:09Z",
                        "status": "True",
                        "type": "PodScheduled"
                    }
                ],
                "containerStatuses": [
                    {
                        "containerID": "docker://93964d92a74d9c59201f69fcd1b3ea43f022b1453bcf494a83bee29a2fc02f6e",
                        "image": "mongo:latest",
                        "imageID": "docker-pullable://mongo@sha256:8200c871b237dcf9b4235b8c1e1268852abfea5b2bf39fb24461d8dd0cd37059",
                        "lastState": {},
                        "name": "mongo",
                        "ready": true,
                        "restartCount": 0,
                        "state": {
                            "running": {
                                "startedAt": "2019-04-08T23:38:42Z"
                            }
                        }
                    }
                ],
                "hostIP": "10.164.0.8",
                "phase": "Running",
                "podIP": "10.0.1.11",
                "qosClass": "Burstable",
                "startTime": "2019-04-08T23:38:09Z"
            }
        },
        {
            "apiVersion": "v1",
            "kind": "Pod",
            "metadata": {
                "annotations": {
                    "kubernetes.io/limit-ranger": "LimitRanger plugin set: cpu request for container web"
                },
                "creationTimestamp": "2019-04-08T23:51:30Z",
                "generateName": "web-controller-",
                "labels": {
                    "name": "web"
                },
                "name": "web-controller-7b77n",
                "namespace": "default",
                "ownerReferences": [
                    {
                        "apiVersion": "v1",
                        "blockOwnerDeletion": true,
                        "controller": true,
                        "kind": "ReplicationController",
                        "name": "web-controller",
                        "uid": "3b132f48-5a59-11e9-b45a-42010aa401a0"
                    }
                ],
                "resourceVersion": "3056",
                "selfLink": "/api/v1/namespaces/default/pods/web-controller-7b77n",
                "uid": "3b177f03-5a59-11e9-b45a-42010aa401a0"
            },
            "spec": {
                "containers": [
                    {
                        "image": "gcr.io/cs5052-p2/meanbm",
                        "imagePullPolicy": "Always",
                        "name": "web",
                        "ports": [
                            {
                                "containerPort": 3000,
                                "name": "http-server",
                                "protocol": "TCP"
                            }
                        ],
                        "resources": {
                            "requests": {
                                "cpu": "100m"
                            }
                        },
                        "terminationMessagePath": "/dev/termination-log",
                        "terminationMessagePolicy": "File",
                        "volumeMounts": [
                            {
                                "mountPath": "/var/run/secrets/kubernetes.io/serviceaccount",
                                "name": "default-token-rngwh",
                                "readOnly": true
                            }
                        ]
                    }
                ],
                "dnsPolicy": "ClusterFirst",
                "nodeName": "gke-bm1-9922-default-pool-ed8cc3fe-d6ck",
                "priority": 0,
                "restartPolicy": "Always",
                "schedulerName": "default-scheduler",
                "securityContext": {},
                "serviceAccount": "default",
                "serviceAccountName": "default",
                "terminationGracePeriodSeconds": 30,
                "tolerations": [
                    {
                        "effect": "NoExecute",
                        "key": "node.kubernetes.io/not-ready",
                        "operator": "Exists",
                        "tolerationSeconds": 300
                    },
                    {
                        "effect": "NoExecute",
                        "key": "node.kubernetes.io/unreachable",
                        "operator": "Exists",
                        "tolerationSeconds": 300
                    }
                ],
                "volumes": [
                    {
                        "name": "default-token-rngwh",
                        "secret": {
                            "defaultMode": 420,
                            "secretName": "default-token-rngwh"
                        }
                    }
                ]
            },
            "status": {
                "conditions": [
                    {
                        "lastProbeTime": null,
                        "lastTransitionTime": "2019-04-08T23:51:30Z",
                        "status": "True",
                        "type": "Initialized"
                    },
                    {
                        "lastProbeTime": null,
                        "lastTransitionTime": "2019-04-08T23:51:54Z",
                        "status": "True",
                        "type": "Ready"
                    },
                    {
                        "lastProbeTime": null,
                        "lastTransitionTime": null,
                        "status": "True",
                        "type": "ContainersReady"
                    },
                    {
                        "lastProbeTime": null,
                        "lastTransitionTime": "2019-04-08T23:51:30Z",
                        "status": "True",
                        "type": "PodScheduled"
                    }
                ],
                "containerStatuses": [
                    {
                        "containerID": "docker://b535812548062d48538b753f45339d669d34bcdbf717432cdf7a01174233ae3d",
                        "image": "gcr.io/cs5052-p2/meanbm:latest",
                        "imageID": "docker-pullable://gcr.io/cs5052-p2/meanbm@sha256:9beb2806c3f78bc3543eaba34569fd5eed6863409c035a32594833b6193a88b3",
                        "lastState": {},
                        "name": "web",
                        "ready": true,
                        "restartCount": 0,
                        "state": {
                            "running": {
                                "startedAt": "2019-04-08T23:51:54Z"
                            }
                        }
                    }
                ],
                "hostIP": "10.164.0.8",
                "phase": "Running",
                "podIP": "10.0.1.12",
                "qosClass": "Burstable",
                "startTime": "2019-04-08T23:51:30Z"
            }
        },
        {
            "apiVersion": "v1",
            "kind": "Pod",
            "metadata": {
                "annotations": {
                    "kubernetes.io/limit-ranger": "LimitRanger plugin set: cpu request for container web"
                },
                "creationTimestamp": "2019-04-08T23:51:30Z",
                "generateName": "web-controller-",
                "labels": {
                    "name": "web"
                },
                "name": "web-controller-9vklt",
                "namespace": "default",
                "ownerReferences": [
                    {
                        "apiVersion": "v1",
                        "blockOwnerDeletion": true,
                        "controller": true,
                        "kind": "ReplicationController",
                        "name": "web-controller",
                        "uid": "3b132f48-5a59-11e9-b45a-42010aa401a0"
                    }
                ],
                "resourceVersion": "3051",
                "selfLink": "/api/v1/namespaces/default/pods/web-controller-9vklt",
                "uid": "3b15660c-5a59-11e9-b45a-42010aa401a0"
            },
            "spec": {
                "containers": [
                    {
                        "image": "gcr.io/cs5052-p2/meanbm",
                        "imagePullPolicy": "Always",
                        "name": "web",
                        "ports": [
                            {
                                "containerPort": 3000,
                                "name": "http-server",
                                "protocol": "TCP"
                            }
                        ],
                        "resources": {
                            "requests": {
                                "cpu": "100m"
                            }
                        },
                        "terminationMessagePath": "/dev/termination-log",
                        "terminationMessagePolicy": "File",
                        "volumeMounts": [
                            {
                                "mountPath": "/var/run/secrets/kubernetes.io/serviceaccount",
                                "name": "default-token-rngwh",
                                "readOnly": true
                            }
                        ]
                    }
                ],
                "dnsPolicy": "ClusterFirst",
                "nodeName": "gke-bm1-9922-default-pool-ed8cc3fe-t520",
                "priority": 0,
                "restartPolicy": "Always",
                "schedulerName": "default-scheduler",
                "securityContext": {},
                "serviceAccount": "default",
                "serviceAccountName": "default",
                "terminationGracePeriodSeconds": 30,
                "tolerations": [
                    {
                        "effect": "NoExecute",
                        "key": "node.kubernetes.io/not-ready",
                        "operator": "Exists",
                        "tolerationSeconds": 300
                    },
                    {
                        "effect": "NoExecute",
                        "key": "node.kubernetes.io/unreachable",
                        "operator": "Exists",
                        "tolerationSeconds": 300
                    }
                ],
                "volumes": [
                    {
                        "name": "default-token-rngwh",
                        "secret": {
                            "defaultMode": 420,
                            "secretName": "default-token-rngwh"
                        }
                    }
                ]
            },
            "status": {
                "conditions": [
                    {
                        "lastProbeTime": null,
                        "lastTransitionTime": "2019-04-08T23:51:30Z",
                        "status": "True",
                        "type": "Initialized"
                    },
                    {
                        "lastProbeTime": null,
                        "lastTransitionTime": "2019-04-08T23:51:53Z",
                        "status": "True",
                        "type": "Ready"
                    },
                    {
                        "lastProbeTime": null,
                        "lastTransitionTime": null,
                        "status": "True",
                        "type": "ContainersReady"
                    },
                    {
                        "lastProbeTime": null,
                        "lastTransitionTime": "2019-04-08T23:51:30Z",
                        "status": "True",
                        "type": "PodScheduled"
                    }
                ],
                "containerStatuses": [
                    {
                        "containerID": "docker://e26ff2512599536bffc8efe8abe869683da3da1de5696d13b6f2a9c926a22421",
                        "image": "gcr.io/cs5052-p2/meanbm:latest",
                        "imageID": "docker-pullable://gcr.io/cs5052-p2/meanbm@sha256:9beb2806c3f78bc3543eaba34569fd5eed6863409c035a32594833b6193a88b3",
                        "lastState": {},
                        "name": "web",
                        "ready": true,
                        "restartCount": 0,
                        "state": {
                            "running": {
                                "startedAt": "2019-04-08T23:51:52Z"
                            }
                        }
                    }
                ],
                "hostIP": "10.164.0.9",
                "phase": "Running",
                "podIP": "10.0.0.7",
                "qosClass": "Burstable",
                "startTime": "2019-04-08T23:51:30Z"
            }
        }
    ],
    "kind": "List",
    "metadata": {
        "resourceVersion": "",
        "selfLink": ""
    }
}

STDERR: 
2019-04-09 01:13:17,999 5b761a73 Thread-1 iperf(1/1) kubernetes_virtual_machine.py:156 INFO     POD STATUS: Running
2019-04-09 01:13:17,999 5b761a73 Thread-1 iperf(1/1) kubernetes_virtual_machine.py:156 INFO     POD STATUS: Running
2019-04-09 01:13:18,000 5b761a73 Thread-1 iperf(1/1) kubernetes_virtual_machine.py:156 INFO     POD STATUS: Running
2019-04-09 01:13:18,000 5b761a73 Thread-1 iperf(1/1) kubernetes_virtual_machine.py:167 INFO     PODs are up and running.
2019-04-09 01:13:18,000 5b761a73 Thread-1 iperf(1/1) vm_util.py:315 INFO     Running: /snap/bin/kubectl --kubeconfig=/home/pakawat_nk/.kube/config get pod -o=json web-controller-9vklt
2019-04-09 01:13:18,162 5b761a73 Thread-1 iperf(1/1) vm_util.py:366 DEBUG    Ran: {/snap/bin/kubectl --kubeconfig=/home/pakawat_nk/.kube/config get pod -o=json web-controller-9vklt}  ReturnCode:0
STDOUT: {
    "apiVersion": "v1",
    "kind": "Pod",
    "metadata": {
        "annotations": {
            "kubernetes.io/limit-ranger": "LimitRanger plugin set: cpu request for container web"
        },
        "creationTimestamp": "2019-04-08T23:51:30Z",
        "generateName": "web-controller-",
        "labels": {
            "name": "web"
        },
        "name": "web-controller-9vklt",
        "namespace": "default",
        "ownerReferences": [
            {
                "apiVersion": "v1",
                "blockOwnerDeletion": true,
                "controller": true,
                "kind": "ReplicationController",
                "name": "web-controller",
                "uid": "3b132f48-5a59-11e9-b45a-42010aa401a0"
            }
        ],
        "resourceVersion": "3051",
        "selfLink": "/api/v1/namespaces/default/pods/web-controller-9vklt",
        "uid": "3b15660c-5a59-11e9-b45a-42010aa401a0"
    },
    "spec": {
        "containers": [
            {
                "image": "gcr.io/cs5052-p2/meanbm",
                "imagePullPolicy": "Always",
                "name": "web",
                "ports": [
                    {
                        "containerPort": 3000,
                        "name": "http-server",
                        "protocol": "TCP"
                    }
                ],
                "resources": {
                    "requests": {
                        "cpu": "100m"
                    }
                },
                "terminationMessagePath": "/dev/termination-log",
                "terminationMessagePolicy": "File",
                "volumeMounts": [
                    {
                        "mountPath": "/var/run/secrets/kubernetes.io/serviceaccount",
                        "name": "default-token-rngwh",
                        "readOnly": true
                    }
                ]
            }
        ],
        "dnsPolicy": "ClusterFirst",
        "nodeName": "gke-bm1-9922-default-pool-ed8cc3fe-t520",
        "priority": 0,
        "restartPolicy": "Always",
        "schedulerName": "default-scheduler",
        "securityContext": {},
        "serviceAccount": "default",
        "serviceAccountName": "default",
        "terminationGracePeriodSeconds": 30,
        "tolerations": [
            {
                "effect": "NoExecute",
                "key": "node.kubernetes.io/not-ready",
                "operator": "Exists",
                "tolerationSeconds": 300
            },
            {
                "effect": "NoExecute",
                "key": "node.kubernetes.io/unreachable",
                "operator": "Exists",
                "tolerationSeconds": 300
            }
        ],
        "volumes": [
            {
                "name": "default-token-rngwh",
                "secret": {
                    "defaultMode": 420,
                    "secretName": "default-token-rngwh"
                }
            }
        ]
    },
    "status": {
        "conditions": [
            {
                "lastProbeTime": null,
                "lastTransitionTime": "2019-04-08T23:51:30Z",
                "status": "True",
                "type": "Initialized"
            },
            {
                "lastProbeTime": null,
                "lastTransitionTime": "2019-04-08T23:51:53Z",
                "status": "True",
                "type": "Ready"
            },
            {
                "lastProbeTime": null,
                "lastTransitionTime": null,
                "status": "True",
                "type": "ContainersReady"
            },
            {
                "lastProbeTime": null,
                "lastTransitionTime": "2019-04-08T23:51:30Z",
                "status": "True",
                "type": "PodScheduled"
            }
        ],
        "containerStatuses": [
            {
                "containerID": "docker://e26ff2512599536bffc8efe8abe869683da3da1de5696d13b6f2a9c926a22421",
                "image": "gcr.io/cs5052-p2/meanbm:latest",
                "imageID": "docker-pullable://gcr.io/cs5052-p2/meanbm@sha256:9beb2806c3f78bc3543eaba34569fd5eed6863409c035a32594833b6193a88b3",
                "lastState": {},
                "name": "web",
                "ready": true,
                "restartCount": 0,
                "state": {
                    "running": {
                        "startedAt": "2019-04-08T23:51:52Z"
                    }
                }
            }
        ],
        "hostIP": "10.164.0.9",
        "phase": "Running",
        "podIP": "10.0.0.7",
        "qosClass": "Burstable",
        "startTime": "2019-04-08T23:51:30Z"
    }
}

STDERR: 
2019-04-09 01:13:18,163 5b761a73 Thread-1 iperf(1/1) vm_util.py:315 INFO     Running: /snap/bin/kubectl --kubeconfig=/home/pakawat_nk/.kube/config get services web -ojsonpath={.status.loadBalancer.ingress[0].ip}
2019-04-09 01:13:18,353 5b761a73 Thread-1 iperf(1/1) vm_util.py:366 DEBUG    Ran: {/snap/bin/kubectl --kubeconfig=/home/pakawat_nk/.kube/config get services web -ojsonpath={.status.loadBalancer.ingress[0].ip}}  ReturnCode:0
STDOUT: 35.204.198.170
STDERR: 
2019-04-09 01:13:18,354 5b761a73 Thread-1 iperf(1/1) vm_util.py:315 INFO     Running: /snap/bin/kubectl --kubeconfig=/home/pakawat_nk/.kube/config get services web -ojsonpath={.spec.clusterIP}
2019-04-09 01:13:18,519 5b761a73 Thread-1 iperf(1/1) vm_util.py:366 DEBUG    Ran: {/snap/bin/kubectl --kubeconfig=/home/pakawat_nk/.kube/config get services web -ojsonpath={.spec.clusterIP}}  ReturnCode:0
STDOUT: 10.3.251.249
STDERR: 
2019-04-09 01:13:18,519 5b761a73 Thread-1 iperf(1/1) benchmark_spec.py:675 INFO     VM: 35.204.198.170
2019-04-09 01:13:18,520 5b761a73 Thread-1 iperf(1/1) benchmark_spec.py:676 INFO     Waiting for boot completion.
2019-04-09 01:13:18,520 5b761a73 Thread-1 iperf(1/1) vm_util.py:315 INFO     Running: /snap/bin/kubectl --kubeconfig=/home/pakawat_nk/.kube/config exec -i web-controller-9vklt -- /bin/bash -c hostname
2019-04-09 01:13:18,827 5b761a73 Thread-1 iperf(1/1) vm_util.py:366 DEBUG    Ran: {/snap/bin/kubectl --kubeconfig=/home/pakawat_nk/.kube/config exec -i web-controller-9vklt -- /bin/bash -c hostname}  ReturnCode:0
STDOUT: web-controller-9vklt

STDERR: 
2019-04-09 01:13:18,871 5b761a73 Thread-1 iperf(1/1) kubernetes_virtual_machine.py:120 INFO     Name: pkb-5b761a73-1
2019-04-09 01:13:18,872 5b761a73 Thread-1 iperf(1/1) kubernetes_virtual_machine.py:146 INFO     Waiting for POD pkb-5b761a73-1
2019-04-09 01:13:18,872 5b761a73 Thread-1 iperf(1/1) vm_util.py:315 INFO     Running: /snap/bin/kubectl --kubeconfig=/home/pakawat_nk/.kube/config get pod -o json
2019-04-09 01:13:19,046 5b761a73 Thread-1 iperf(1/1) vm_util.py:366 DEBUG    Ran: {/snap/bin/kubectl --kubeconfig=/home/pakawat_nk/.kube/config get pod -o json}  ReturnCode:0
STDOUT: {
    "apiVersion": "v1",
    "items": [
        {
            "apiVersion": "v1",
            "kind": "Pod",
            "metadata": {
                "annotations": {
                    "kubernetes.io/limit-ranger": "LimitRanger plugin set: cpu request for container mongo"
                },
                "creationTimestamp": "2019-04-08T23:38:09Z",
                "generateName": "mongo-controller-",
                "labels": {
                    "name": "mongo"
                },
                "name": "mongo-controller-nh9b4",
                "namespace": "default",
                "ownerReferences": [
                    {
                        "apiVersion": "v1",
                        "blockOwnerDeletion": true,
                        "controller": true,
                        "kind": "ReplicationController",
                        "name": "mongo-controller",
                        "uid": "5dd32c42-5a57-11e9-b45a-42010aa401a0"
                    }
                ],
                "resourceVersion": "1182",
                "selfLink": "/api/v1/namespaces/default/pods/mongo-controller-nh9b4",
                "uid": "5dd67f6d-5a57-11e9-b45a-42010aa401a0"
            },
            "spec": {
                "containers": [
                    {
                        "image": "mongo",
                        "imagePullPolicy": "Always",
                        "name": "mongo",
                        "ports": [
                            {
                                "containerPort": 27017,
                                "hostPort": 27017,
                                "name": "mongo",
                                "protocol": "TCP"
                            }
                        ],
                        "resources": {
                            "requests": {
                                "cpu": "100m"
                            }
                        },
                        "terminationMessagePath": "/dev/termination-log",
                        "terminationMessagePolicy": "File",
                        "volumeMounts": [
                            {
                                "mountPath": "/data/db",
                                "name": "mongo-persistent-storage"
                            },
                            {
                                "mountPath": "/var/run/secrets/kubernetes.io/serviceaccount",
                                "name": "default-token-rngwh",
                                "readOnly": true
                            }
                        ]
                    }
                ],
                "dnsPolicy": "ClusterFirst",
                "nodeName": "gke-bm1-9922-default-pool-ed8cc3fe-d6ck",
                "priority": 0,
                "restartPolicy": "Always",
                "schedulerName": "default-scheduler",
                "securityContext": {},
                "serviceAccount": "default",
                "serviceAccountName": "default",
                "terminationGracePeriodSeconds": 30,
                "tolerations": [
                    {
                        "effect": "NoExecute",
                        "key": "node.kubernetes.io/not-ready",
                        "operator": "Exists",
                        "tolerationSeconds": 300
                    },
                    {
                        "effect": "NoExecute",
                        "key": "node.kubernetes.io/unreachable",
                        "operator": "Exists",
                        "tolerationSeconds": 300
                    }
                ],
                "volumes": [
                    {
                        "gcePersistentDisk": {
                            "fsType": "ext4",
                            "pdName": "mongo-disk"
                        },
                        "name": "mongo-persistent-storage"
                    },
                    {
                        "name": "default-token-rngwh",
                        "secret": {
                            "defaultMode": 420,
                            "secretName": "default-token-rngwh"
                        }
                    }
                ]
            },
            "status": {
                "conditions": [
                    {
                        "lastProbeTime": null,
                        "lastTransitionTime": "2019-04-08T23:38:09Z",
                        "status": "True",
                        "type": "Initialized"
                    },
                    {
                        "lastProbeTime": null,
                        "lastTransitionTime": "2019-04-08T23:38:42Z",
                        "status": "True",
                        "type": "Ready"
                    },
                    {
                        "lastProbeTime": null,
                        "lastTransitionTime": null,
                        "status": "True",
                        "type": "ContainersReady"
                    },
                    {
                        "lastProbeTime": null,
                        "lastTransitionTime": "2019-04-08T23:38:09Z",
                        "status": "True",
                        "type": "PodScheduled"
                    }
                ],
                "containerStatuses": [
                    {
                        "containerID": "docker://93964d92a74d9c59201f69fcd1b3ea43f022b1453bcf494a83bee29a2fc02f6e",
                        "image": "mongo:latest",
                        "imageID": "docker-pullable://mongo@sha256:8200c871b237dcf9b4235b8c1e1268852abfea5b2bf39fb24461d8dd0cd37059",
                        "lastState": {},
                        "name": "mongo",
                        "ready": true,
                        "restartCount": 0,
                        "state": {
                            "running": {
                                "startedAt": "2019-04-08T23:38:42Z"
                            }
                        }
                    }
                ],
                "hostIP": "10.164.0.8",
                "phase": "Running",
                "podIP": "10.0.1.11",
                "qosClass": "Burstable",
                "startTime": "2019-04-08T23:38:09Z"
            }
        },
        {
            "apiVersion": "v1",
            "kind": "Pod",
            "metadata": {
                "annotations": {
                    "kubernetes.io/limit-ranger": "LimitRanger plugin set: cpu request for container web"
                },
                "creationTimestamp": "2019-04-08T23:51:30Z",
                "generateName": "web-controller-",
                "labels": {
                    "name": "web"
                },
                "name": "web-controller-7b77n",
                "namespace": "default",
                "ownerReferences": [
                    {
                        "apiVersion": "v1",
                        "blockOwnerDeletion": true,
                        "controller": true,
                        "kind": "ReplicationController",
                        "name": "web-controller",
                        "uid": "3b132f48-5a59-11e9-b45a-42010aa401a0"
                    }
                ],
                "resourceVersion": "3056",
                "selfLink": "/api/v1/namespaces/default/pods/web-controller-7b77n",
                "uid": "3b177f03-5a59-11e9-b45a-42010aa401a0"
            },
            "spec": {
                "containers": [
                    {
                        "image": "gcr.io/cs5052-p2/meanbm",
                        "imagePullPolicy": "Always",
                        "name": "web",
                        "ports": [
                            {
                                "containerPort": 3000,
                                "name": "http-server",
                                "protocol": "TCP"
                            }
                        ],
                        "resources": {
                            "requests": {
                                "cpu": "100m"
                            }
                        },
                        "terminationMessagePath": "/dev/termination-log",
                        "terminationMessagePolicy": "File",
                        "volumeMounts": [
                            {
                                "mountPath": "/var/run/secrets/kubernetes.io/serviceaccount",
                                "name": "default-token-rngwh",
                                "readOnly": true
                            }
                        ]
                    }
                ],
                "dnsPolicy": "ClusterFirst",
                "nodeName": "gke-bm1-9922-default-pool-ed8cc3fe-d6ck",
                "priority": 0,
                "restartPolicy": "Always",
                "schedulerName": "default-scheduler",
                "securityContext": {},
                "serviceAccount": "default",
                "serviceAccountName": "default",
                "terminationGracePeriodSeconds": 30,
                "tolerations": [
                    {
                        "effect": "NoExecute",
                        "key": "node.kubernetes.io/not-ready",
                        "operator": "Exists",
                        "tolerationSeconds": 300
                    },
                    {
                        "effect": "NoExecute",
                        "key": "node.kubernetes.io/unreachable",
                        "operator": "Exists",
                        "tolerationSeconds": 300
                    }
                ],
                "volumes": [
                    {
                        "name": "default-token-rngwh",
                        "secret": {
                            "defaultMode": 420,
                            "secretName": "default-token-rngwh"
                        }
                    }
                ]
            },
            "status": {
                "conditions": [
                    {
                        "lastProbeTime": null,
                        "lastTransitionTime": "2019-04-08T23:51:30Z",
                        "status": "True",
                        "type": "Initialized"
                    },
                    {
                        "lastProbeTime": null,
                        "lastTransitionTime": "2019-04-08T23:51:54Z",
                        "status": "True",
                        "type": "Ready"
                    },
                    {
                        "lastProbeTime": null,
                        "lastTransitionTime": null,
                        "status": "True",
                        "type": "ContainersReady"
                    },
                    {
                        "lastProbeTime": null,
                        "lastTransitionTime": "2019-04-08T23:51:30Z",
                        "status": "True",
                        "type": "PodScheduled"
                    }
                ],
                "containerStatuses": [
                    {
                        "containerID": "docker://b535812548062d48538b753f45339d669d34bcdbf717432cdf7a01174233ae3d",
                        "image": "gcr.io/cs5052-p2/meanbm:latest",
                        "imageID": "docker-pullable://gcr.io/cs5052-p2/meanbm@sha256:9beb2806c3f78bc3543eaba34569fd5eed6863409c035a32594833b6193a88b3",
                        "lastState": {},
                        "name": "web",
                        "ready": true,
                        "restartCount": 0,
                        "state": {
                            "running": {
                                "startedAt": "2019-04-08T23:51:54Z"
                            }
                        }
                    }
                ],
                "hostIP": "10.164.0.8",
                "phase": "Running",
                "podIP": "10.0.1.12",
                "qosClass": "Burstable",
                "startTime": "2019-04-08T23:51:30Z"
            }
        },
        {
            "apiVersion": "v1",
            "kind": "Pod",
            "metadata": {
                "annotations": {
                    "kubernetes.io/limit-ranger": "LimitRanger plugin set: cpu request for container web"
                },
                "creationTimestamp": "2019-04-08T23:51:30Z",
                "generateName": "web-controller-",
                "labels": {
                    "name": "web"
                },
                "name": "web-controller-9vklt",
                "namespace": "default",
                "ownerReferences": [
                    {
                        "apiVersion": "v1",
                        "blockOwnerDeletion": true,
                        "controller": true,
                        "kind": "ReplicationController",
                        "name": "web-controller",
                        "uid": "3b132f48-5a59-11e9-b45a-42010aa401a0"
                    }
                ],
                "resourceVersion": "3051",
                "selfLink": "/api/v1/namespaces/default/pods/web-controller-9vklt",
                "uid": "3b15660c-5a59-11e9-b45a-42010aa401a0"
            },
            "spec": {
                "containers": [
                    {
                        "image": "gcr.io/cs5052-p2/meanbm",
                        "imagePullPolicy": "Always",
                        "name": "web",
                        "ports": [
                            {
                                "containerPort": 3000,
                                "name": "http-server",
                                "protocol": "TCP"
                            }
                        ],
                        "resources": {
                            "requests": {
                                "cpu": "100m"
                            }
                        },
                        "terminationMessagePath": "/dev/termination-log",
                        "terminationMessagePolicy": "File",
                        "volumeMounts": [
                            {
                                "mountPath": "/var/run/secrets/kubernetes.io/serviceaccount",
                                "name": "default-token-rngwh",
                                "readOnly": true
                            }
                        ]
                    }
                ],
                "dnsPolicy": "ClusterFirst",
                "nodeName": "gke-bm1-9922-default-pool-ed8cc3fe-t520",
                "priority": 0,
                "restartPolicy": "Always",
                "schedulerName": "default-scheduler",
                "securityContext": {},
                "serviceAccount": "default",
                "serviceAccountName": "default",
                "terminationGracePeriodSeconds": 30,
                "tolerations": [
                    {
                        "effect": "NoExecute",
                        "key": "node.kubernetes.io/not-ready",
                        "operator": "Exists",
                        "tolerationSeconds": 300
                    },
                    {
                        "effect": "NoExecute",
                        "key": "node.kubernetes.io/unreachable",
                        "operator": "Exists",
                        "tolerationSeconds": 300
                    }
                ],
                "volumes": [
                    {
                        "name": "default-token-rngwh",
                        "secret": {
                            "defaultMode": 420,
                            "secretName": "default-token-rngwh"
                        }
                    }
                ]
            },
            "status": {
                "conditions": [
                    {
                        "lastProbeTime": null,
                        "lastTransitionTime": "2019-04-08T23:51:30Z",
                        "status": "True",
                        "type": "Initialized"
                    },
                    {
                        "lastProbeTime": null,
                        "lastTransitionTime": "2019-04-08T23:51:53Z",
                        "status": "True",
                        "type": "Ready"
                    },
                    {
                        "lastProbeTime": null,
                        "lastTransitionTime": null,
                        "status": "True",
                        "type": "ContainersReady"
                    },
                    {
                        "lastProbeTime": null,
                        "lastTransitionTime": "2019-04-08T23:51:30Z",
                        "status": "True",
                        "type": "PodScheduled"
                    }
                ],
                "containerStatuses": [
                    {
                        "containerID": "docker://e26ff2512599536bffc8efe8abe869683da3da1de5696d13b6f2a9c926a22421",
                        "image": "gcr.io/cs5052-p2/meanbm:latest",
                        "imageID": "docker-pullable://gcr.io/cs5052-p2/meanbm@sha256:9beb2806c3f78bc3543eaba34569fd5eed6863409c035a32594833b6193a88b3",
                        "lastState": {},
                        "name": "web",
                        "ready": true,
                        "restartCount": 0,
                        "state": {
                            "running": {
                                "startedAt": "2019-04-08T23:51:52Z"
                            }
                        }
                    }
                ],
                "hostIP": "10.164.0.9",
                "phase": "Running",
                "podIP": "10.0.0.7",
                "qosClass": "Burstable",
                "startTime": "2019-04-08T23:51:30Z"
            }
        }
    ],
    "kind": "List",
    "metadata": {
        "resourceVersion": "",
        "selfLink": ""
    }
}

STDERR: 
2019-04-09 01:13:19,047 5b761a73 Thread-1 iperf(1/1) kubernetes_virtual_machine.py:156 INFO     POD STATUS: Running
2019-04-09 01:13:19,048 5b761a73 Thread-1 iperf(1/1) kubernetes_virtual_machine.py:156 INFO     POD STATUS: Running
2019-04-09 01:13:19,048 5b761a73 Thread-1 iperf(1/1) kubernetes_virtual_machine.py:156 INFO     POD STATUS: Running
2019-04-09 01:13:19,048 5b761a73 Thread-1 iperf(1/1) kubernetes_virtual_machine.py:167 INFO     PODs are up and running.
2019-04-09 01:13:19,049 5b761a73 Thread-1 iperf(1/1) vm_util.py:315 INFO     Running: /snap/bin/kubectl --kubeconfig=/home/pakawat_nk/.kube/config get pod -o=json web-controller-9vklt
2019-04-09 01:13:19,213 5b761a73 Thread-1 iperf(1/1) vm_util.py:366 DEBUG    Ran: {/snap/bin/kubectl --kubeconfig=/home/pakawat_nk/.kube/config get pod -o=json web-controller-9vklt}  ReturnCode:0
STDOUT: {
    "apiVersion": "v1",
    "kind": "Pod",
    "metadata": {
        "annotations": {
            "kubernetes.io/limit-ranger": "LimitRanger plugin set: cpu request for container web"
        },
        "creationTimestamp": "2019-04-08T23:51:30Z",
        "generateName": "web-controller-",
        "labels": {
            "name": "web"
        },
        "name": "web-controller-9vklt",
        "namespace": "default",
        "ownerReferences": [
            {
                "apiVersion": "v1",
                "blockOwnerDeletion": true,
                "controller": true,
                "kind": "ReplicationController",
                "name": "web-controller",
                "uid": "3b132f48-5a59-11e9-b45a-42010aa401a0"
            }
        ],
        "resourceVersion": "3051",
        "selfLink": "/api/v1/namespaces/default/pods/web-controller-9vklt",
        "uid": "3b15660c-5a59-11e9-b45a-42010aa401a0"
    },
    "spec": {
        "containers": [
            {
                "image": "gcr.io/cs5052-p2/meanbm",
                "imagePullPolicy": "Always",
                "name": "web",
                "ports": [
                    {
                        "containerPort": 3000,
                        "name": "http-server",
                        "protocol": "TCP"
                    }
                ],
                "resources": {
                    "requests": {
                        "cpu": "100m"
                    }
                },
                "terminationMessagePath": "/dev/termination-log",
                "terminationMessagePolicy": "File",
                "volumeMounts": [
                    {
                        "mountPath": "/var/run/secrets/kubernetes.io/serviceaccount",
                        "name": "default-token-rngwh",
                        "readOnly": true
                    }
                ]
            }
        ],
        "dnsPolicy": "ClusterFirst",
        "nodeName": "gke-bm1-9922-default-pool-ed8cc3fe-t520",
        "priority": 0,
        "restartPolicy": "Always",
        "schedulerName": "default-scheduler",
        "securityContext": {},
        "serviceAccount": "default",
        "serviceAccountName": "default",
        "terminationGracePeriodSeconds": 30,
        "tolerations": [
            {
                "effect": "NoExecute",
                "key": "node.kubernetes.io/not-ready",
                "operator": "Exists",
                "tolerationSeconds": 300
            },
            {
                "effect": "NoExecute",
                "key": "node.kubernetes.io/unreachable",
                "operator": "Exists",
                "tolerationSeconds": 300
            }
        ],
        "volumes": [
            {
                "name": "default-token-rngwh",
                "secret": {
                    "defaultMode": 420,
                    "secretName": "default-token-rngwh"
                }
            }
        ]
    },
    "status": {
        "conditions": [
            {
                "lastProbeTime": null,
                "lastTransitionTime": "2019-04-08T23:51:30Z",
                "status": "True",
                "type": "Initialized"
            },
            {
                "lastProbeTime": null,
                "lastTransitionTime": "2019-04-08T23:51:53Z",
                "status": "True",
                "type": "Ready"
            },
            {
                "lastProbeTime": null,
                "lastTransitionTime": null,
                "status": "True",
                "type": "ContainersReady"
            },
            {
                "lastProbeTime": null,
                "lastTransitionTime": "2019-04-08T23:51:30Z",
                "status": "True",
                "type": "PodScheduled"
            }
        ],
        "containerStatuses": [
            {
                "containerID": "docker://e26ff2512599536bffc8efe8abe869683da3da1de5696d13b6f2a9c926a22421",
                "image": "gcr.io/cs5052-p2/meanbm:latest",
                "imageID": "docker-pullable://gcr.io/cs5052-p2/meanbm@sha256:9beb2806c3f78bc3543eaba34569fd5eed6863409c035a32594833b6193a88b3",
                "lastState": {},
                "name": "web",
                "ready": true,
                "restartCount": 0,
                "state": {
                    "running": {
                        "startedAt": "2019-04-08T23:51:52Z"
                    }
                }
            }
        ],
        "hostIP": "10.164.0.9",
        "phase": "Running",
        "podIP": "10.0.0.7",
        "qosClass": "Burstable",
        "startTime": "2019-04-08T23:51:30Z"
    }
}

STDERR: 
2019-04-09 01:13:19,214 5b761a73 Thread-1 iperf(1/1) vm_util.py:315 INFO     Running: /snap/bin/kubectl --kubeconfig=/home/pakawat_nk/.kube/config get services web -ojsonpath={.status.loadBalancer.ingress[0].ip}
2019-04-09 01:13:19,371 5b761a73 Thread-1 iperf(1/1) vm_util.py:366 DEBUG    Ran: {/snap/bin/kubectl --kubeconfig=/home/pakawat_nk/.kube/config get services web -ojsonpath={.status.loadBalancer.ingress[0].ip}}  ReturnCode:0
STDOUT: 35.204.198.170
STDERR: 
2019-04-09 01:13:19,372 5b761a73 Thread-1 iperf(1/1) vm_util.py:315 INFO     Running: /snap/bin/kubectl --kubeconfig=/home/pakawat_nk/.kube/config get services web -ojsonpath={.spec.clusterIP}
2019-04-09 01:13:19,535 5b761a73 Thread-1 iperf(1/1) vm_util.py:366 DEBUG    Ran: {/snap/bin/kubectl --kubeconfig=/home/pakawat_nk/.kube/config get services web -ojsonpath={.spec.clusterIP}}  ReturnCode:0
STDOUT: 10.3.251.249
STDERR: 
2019-04-09 01:13:19,535 5b761a73 Thread-1 iperf(1/1) benchmark_spec.py:675 INFO     VM: 35.204.198.170
2019-04-09 01:13:19,536 5b761a73 Thread-1 iperf(1/1) benchmark_spec.py:676 INFO     Waiting for boot completion.
2019-04-09 01:13:19,536 5b761a73 Thread-1 iperf(1/1) vm_util.py:315 INFO     Running: /snap/bin/kubectl --kubeconfig=/home/pakawat_nk/.kube/config exec -i web-controller-9vklt -- /bin/bash -c hostname
2019-04-09 01:13:19,850 5b761a73 Thread-1 iperf(1/1) vm_util.py:366 DEBUG    Ran: {/snap/bin/kubectl --kubeconfig=/home/pakawat_nk/.kube/config exec -i web-controller-9vklt -- /bin/bash -c hostname}  ReturnCode:0
STDOUT: web-controller-9vklt

STDERR: 
2019-04-09 01:13:19,891 5b761a73 Thread-12 iperf(1/1) vm_util.py:315 INFO     Running: /snap/bin/kubectl --kubeconfig=/home/pakawat_nk/.kube/config exec -i web-controller-9vklt -- /bin/bash -c mkdir -p /tmp/pkb
2019-04-09 01:13:20,207 5b761a73 Thread-12 iperf(1/1) vm_util.py:366 DEBUG    Ran: {/snap/bin/kubectl --kubeconfig=/home/pakawat_nk/.kube/config exec -i web-controller-9vklt -- /bin/bash -c mkdir -p /tmp/pkb}  ReturnCode:0
STDOUT: 
STDERR: 
2019-04-09 01:13:20,207 5b761a73 Thread-12 iperf(1/1) vm_util.py:315 INFO     Running: /snap/bin/kubectl --kubeconfig=/home/pakawat_nk/.kube/config exec -i web-controller-9vklt -- /bin/bash -c sudo mkdir -p /opt/pkb
2019-04-09 01:13:20,516 5b761a73 Thread-12 iperf(1/1) vm_util.py:366 DEBUG    Ran: {/snap/bin/kubectl --kubeconfig=/home/pakawat_nk/.kube/config exec -i web-controller-9vklt -- /bin/bash -c sudo mkdir -p /opt/pkb}  ReturnCode:0
STDOUT: 
STDERR: 
2019-04-09 01:13:20,517 5b761a73 Thread-12 iperf(1/1) vm_util.py:315 INFO     Running: /snap/bin/kubectl --kubeconfig=/home/pakawat_nk/.kube/config exec -i web-controller-9vklt -- /bin/bash -c sudo chmod a+rwxt /opt/pkb
2019-04-09 01:13:21,028 5b761a73 Thread-12 iperf(1/1) vm_util.py:366 DEBUG    Ran: {/snap/bin/kubectl --kubeconfig=/home/pakawat_nk/.kube/config exec -i web-controller-9vklt -- /bin/bash -c sudo chmod a+rwxt /opt/pkb}  ReturnCode:0
STDOUT: 
STDERR: 
2019-04-09 01:13:21,028 5b761a73 Thread-12 iperf(1/1) vm_util.py:315 INFO     Running: /snap/bin/kubectl --kubeconfig=/home/pakawat_nk/.kube/config exec -i web-controller-9vklt -- /bin/bash -c sudo apt-get update
2019-04-09 01:13:24,668 5b761a73 Thread-12 iperf(1/1) vm_util.py:366 DEBUG    Ran: {/snap/bin/kubectl --kubeconfig=/home/pakawat_nk/.kube/config exec -i web-controller-9vklt -- /bin/bash -c sudo apt-get update}  ReturnCode:0
STDOUT: Ign http://archive.ubuntu.com trusty InRelease
Hit http://security.ubuntu.com trusty-security InRelease
Hit http://archive.ubuntu.com trusty-updates InRelease
Hit http://archive.ubuntu.com trusty-backports InRelease
Hit http://archive.ubuntu.com trusty Release.gpg
Hit http://security.ubuntu.com trusty-security/main amd64 Packages
Hit http://archive.ubuntu.com trusty Release
Hit http://security.ubuntu.com trusty-security/restricted amd64 Packages
Hit http://archive.ubuntu.com trusty-updates/main amd64 Packages
Hit http://security.ubuntu.com trusty-security/universe amd64 Packages
Hit http://archive.ubuntu.com trusty-updates/restricted amd64 Packages
Hit http://security.ubuntu.com trusty-security/multiverse amd64 Packages
Hit http://archive.ubuntu.com trusty-updates/universe amd64 Packages
Hit http://archive.ubuntu.com trusty-updates/multiverse amd64 Packages
Hit http://archive.ubuntu.com trusty-backports/main amd64 Packages
Hit http://archive.ubuntu.com trusty-backports/restricted amd64 Packages
Hit http://archive.ubuntu.com trusty-backports/universe amd64 Packages
Hit http://archive.ubuntu.com trusty-backports/multiverse amd64 Packages
Hit http://archive.ubuntu.com trusty/main amd64 Packages
Hit http://archive.ubuntu.com trusty/restricted amd64 Packages
Hit http://archive.ubuntu.com trusty/universe amd64 Packages
Hit http://archive.ubuntu.com trusty/multiverse amd64 Packages
Hit https://deb.nodesource.com trusty InRelease
Hit https://deb.nodesource.com trusty/main Sources
Hit https://deb.nodesource.com trusty/main amd64 Packages
Reading package lists...

STDERR: 
2019-04-09 01:13:24,669 5b761a73 Thread-12 iperf(1/1) vm_util.py:315 INFO     Running: /snap/bin/kubectl --kubeconfig=/home/pakawat_nk/.kube/config exec -i web-controller-9vklt -- /bin/bash -c sudo DEBIAN_FRONTEND='noninteractive' /usr/bin/apt-get -y install python
2019-04-09 01:13:26,929 5b761a73 Thread-12 iperf(1/1) vm_util.py:366 DEBUG    Ran: {/snap/bin/kubectl --kubeconfig=/home/pakawat_nk/.kube/config exec -i web-controller-9vklt -- /bin/bash -c sudo DEBIAN_FRONTEND='noninteractive' /usr/bin/apt-get -y install python}  ReturnCode:0
STDOUT: Reading package lists...
Building dependency tree...
Reading state information...
python is already the newest version.
0 upgraded, 0 newly installed, 0 to remove and 10 not upgraded.

STDERR: 
2019-04-09 01:13:26,930 5b761a73 Thread-12 iperf(1/1) vm_util.py:315 INFO     Running: /snap/bin/kubectl --kubeconfig=/home/pakawat_nk/.kube/config exec -i web-controller-9vklt -- /bin/bash -c cat /proc/sys/net/ipv4/tcp_congestion_control
2019-04-09 01:13:27,263 5b761a73 Thread-12 iperf(1/1) vm_util.py:364 INFO     Ran: {/snap/bin/kubectl --kubeconfig=/home/pakawat_nk/.kube/config exec -i web-controller-9vklt -- /bin/bash -c cat /proc/sys/net/ipv4/tcp_congestion_control}  ReturnCode:1
STDOUT: 
STDERR: cat: /proc/sys/net/ipv4/tcp_congestion_control: No such file or directory
command terminated with exit code 1

2019-04-09 01:13:27,265 5b761a73 Thread-12 iperf(1/1) vm_util.py:315 INFO     Running: /snap/bin/kubectl --kubeconfig=/home/pakawat_nk/.kube/config exec -i web-controller-9vklt -- /bin/bash -c lscpu
2019-04-09 01:13:27,576 5b761a73 Thread-12 iperf(1/1) vm_util.py:366 DEBUG    Ran: {/snap/bin/kubectl --kubeconfig=/home/pakawat_nk/.kube/config exec -i web-controller-9vklt -- /bin/bash -c lscpu}  ReturnCode:0
STDOUT: Architecture:          x86_64
CPU op-mode(s):        32-bit, 64-bit
Byte Order:            Little Endian
CPU(s):                1
On-line CPU(s) list:   0
Thread(s) per core:    1
Core(s) per socket:    1
Socket(s):             1
NUMA node(s):          1
Vendor ID:             GenuineIntel
CPU family:            6
Model:                 85
Stepping:              3
CPU MHz:               2000.176
BogoMIPS:              4000.35
Hypervisor vendor:     KVM
Virtualization type:   full
L1d cache:             32K
L1i cache:             32K
L2 cache:              256K
L3 cache:              56320K
NUMA node0 CPU(s):     0

STDERR: 
2019-04-09 01:13:27,578 5b761a73 Thread-12 iperf(1/1) vm_util.py:315 INFO     Running: /snap/bin/kubectl --kubeconfig=/home/pakawat_nk/.kube/config exec -i web-controller-9vklt -- /bin/bash -c sudo DEBIAN_FRONTEND='noninteractive' /usr/bin/apt-get -y install lsb-release
2019-04-09 01:13:29,954 5b761a73 Thread-12 iperf(1/1) vm_util.py:366 DEBUG    Ran: {/snap/bin/kubectl --kubeconfig=/home/pakawat_nk/.kube/config exec -i web-controller-9vklt -- /bin/bash -c sudo DEBIAN_FRONTEND='noninteractive' /usr/bin/apt-get -y install lsb-release}  ReturnCode:0
STDOUT: Reading package lists...
Building dependency tree...
Reading state information...
lsb-release is already the newest version.
0 upgraded, 0 newly installed, 0 to remove and 10 not upgraded.

STDERR: 
2019-04-09 01:13:29,955 5b761a73 Thread-12 iperf(1/1) vm_util.py:315 INFO     Running: /snap/bin/kubectl --kubeconfig=/home/pakawat_nk/.kube/config exec -i web-controller-9vklt -- /bin/bash -c lsb_release -d
2019-04-09 01:13:30,304 5b761a73 Thread-12 iperf(1/1) vm_util.py:366 DEBUG    Ran: {/snap/bin/kubectl --kubeconfig=/home/pakawat_nk/.kube/config exec -i web-controller-9vklt -- /bin/bash -c lsb_release -d}  ReturnCode:0
STDOUT: Description:	Ubuntu 14.04.6 LTS

STDERR: 
2019-04-09 01:13:30,305 5b761a73 Thread-12 iperf(1/1) vm_util.py:315 INFO     Running: /snap/bin/kubectl --kubeconfig=/home/pakawat_nk/.kube/config exec -i web-controller-9vklt -- /bin/bash -c uname -r
2019-04-09 01:13:30,619 5b761a73 Thread-12 iperf(1/1) vm_util.py:366 DEBUG    Ran: {/snap/bin/kubectl --kubeconfig=/home/pakawat_nk/.kube/config exec -i web-controller-9vklt -- /bin/bash -c uname -r}  ReturnCode:0
STDOUT: 4.14.91+

STDERR: 
2019-04-09 01:13:30,619 5b761a73 Thread-12 iperf(1/1) vm_util.py:315 INFO     Running: /snap/bin/kubectl --kubeconfig=/home/pakawat_nk/.kube/config exec -i web-controller-9vklt -- /bin/bash -c sudo DEBIAN_FRONTEND='noninteractive' /usr/bin/apt-get -y install ssh
2019-04-09 01:13:32,899 5b761a73 Thread-12 iperf(1/1) vm_util.py:366 DEBUG    Ran: {/snap/bin/kubectl --kubeconfig=/home/pakawat_nk/.kube/config exec -i web-controller-9vklt -- /bin/bash -c sudo DEBIAN_FRONTEND='noninteractive' /usr/bin/apt-get -y install ssh}  ReturnCode:0
STDOUT: Reading package lists...
Building dependency tree...
Reading state information...
ssh is already the newest version.
0 upgraded, 0 newly installed, 0 to remove and 10 not upgraded.

STDERR: 
2019-04-09 01:13:32,900 5b761a73 Thread-12 iperf(1/1) vm_util.py:315 INFO     Running: /snap/bin/kubectl --kubeconfig=/home/pakawat_nk/.kube/config exec -i web-controller-9vklt -- /bin/bash -c sudo /etc/init.d/ssh restart
2019-04-09 01:13:33,293 5b761a73 Thread-12 iperf(1/1) vm_util.py:366 DEBUG    Ran: {/snap/bin/kubectl --kubeconfig=/home/pakawat_nk/.kube/config exec -i web-controller-9vklt -- /bin/bash -c sudo /etc/init.d/ssh restart}  ReturnCode:0
STDOUT:  * Restarting OpenBSD Secure Shell server sshd
   ...done.

STDERR: 
2019-04-09 01:13:33,293 5b761a73 Thread-12 iperf(1/1) vm_util.py:315 INFO     Running: /snap/bin/kubectl --kubeconfig=/home/pakawat_nk/.kube/config exec -i web-controller-9vklt -- /bin/bash -c mkdir -p ~/.ssh
2019-04-09 01:13:33,610 5b761a73 Thread-12 iperf(1/1) vm_util.py:366 DEBUG    Ran: {/snap/bin/kubectl --kubeconfig=/home/pakawat_nk/.kube/config exec -i web-controller-9vklt -- /bin/bash -c mkdir -p ~/.ssh}  ReturnCode:0
STDOUT: 
STDERR: 
2019-04-09 01:13:33,610 5b761a73 Thread-12 iperf(1/1) vm_util.py:315 INFO     Running: /snap/bin/kubectl --kubeconfig=/home/pakawat_nk/.kube/config exec -i web-controller-9vklt -- /bin/bash -c echo "ssh-rsa AAAAB3NzaC1yc2EAAAADAQABAAABAQDO8nLrhlJ8xy9GgCsF/lLg/EHevqpFytV75tmwRKSJIpdcmReZdGyvxThR5illcxWzgbQh+9C21ff2zEg5gyemH841JPxoAGu5VciVEmTtoJIN2SKD2HE2n/bJpANAzf0Su52LTX/XGgpM2+7KZSFeR7kCgtupbptl9DZvNBEqynSyn4z6r6T8nt6hS6iUDLuVAoj1G0gK8K0YmFhbRj/aftQSGSdjz3JGUQ//w1ITVJRfYnZFZSe/DEpOCTXiVNCWJdYbY5P34ik++BkiH223rJHa8zMZaFymue6OKbBedphetl5uDeNBYzIib0iGC+6Mx4nfAyaCc6Dih2ckIj2n pakawat_nk@benchmark
" >> ~/.ssh/authorized_keys
2019-04-09 01:13:33,948 5b761a73 Thread-12 iperf(1/1) vm_util.py:366 DEBUG    Ran: {/snap/bin/kubectl --kubeconfig=/home/pakawat_nk/.kube/config exec -i web-controller-9vklt -- /bin/bash -c echo "ssh-rsa AAAAB3NzaC1yc2EAAAADAQABAAABAQDO8nLrhlJ8xy9GgCsF/lLg/EHevqpFytV75tmwRKSJIpdcmReZdGyvxThR5illcxWzgbQh+9C21ff2zEg5gyemH841JPxoAGu5VciVEmTtoJIN2SKD2HE2n/bJpANAzf0Su52LTX/XGgpM2+7KZSFeR7kCgtupbptl9DZvNBEqynSyn4z6r6T8nt6hS6iUDLuVAoj1G0gK8K0YmFhbRj/aftQSGSdjz3JGUQ//w1ITVJRfYnZFZSe/DEpOCTXiVNCWJdYbY5P34ik++BkiH223rJHa8zMZaFymue6OKbBedphetl5uDeNBYzIib0iGC+6Mx4nfAyaCc6Dih2ckIj2n pakawat_nk@benchmark
" >> ~/.ssh/authorized_keys}  ReturnCode:0
STDOUT: 
STDERR: 
2019-04-09 01:13:33,966 5b761a73 Thread-12 iperf(1/1) vm_util.py:315 INFO     Running: /snap/bin/kubectl --kubeconfig=/home/pakawat_nk/.kube/config exec -i web-controller-9vklt -- /bin/bash -c mkdir -p /tmp/pkb
2019-04-09 01:13:34,273 5b761a73 Thread-12 iperf(1/1) vm_util.py:366 DEBUG    Ran: {/snap/bin/kubectl --kubeconfig=/home/pakawat_nk/.kube/config exec -i web-controller-9vklt -- /bin/bash -c mkdir -p /tmp/pkb}  ReturnCode:0
STDOUT: 
STDERR: 
2019-04-09 01:13:34,273 5b761a73 Thread-12 iperf(1/1) vm_util.py:315 INFO     Running: /snap/bin/kubectl --kubeconfig=/home/pakawat_nk/.kube/config exec -i web-controller-9vklt -- /bin/bash -c sudo mkdir -p /opt/pkb
2019-04-09 01:13:34,591 5b761a73 Thread-12 iperf(1/1) vm_util.py:366 DEBUG    Ran: {/snap/bin/kubectl --kubeconfig=/home/pakawat_nk/.kube/config exec -i web-controller-9vklt -- /bin/bash -c sudo mkdir -p /opt/pkb}  ReturnCode:0
STDOUT: 
STDERR: 
2019-04-09 01:13:34,591 5b761a73 Thread-12 iperf(1/1) vm_util.py:315 INFO     Running: /snap/bin/kubectl --kubeconfig=/home/pakawat_nk/.kube/config exec -i web-controller-9vklt -- /bin/bash -c sudo chmod a+rwxt /opt/pkb
2019-04-09 01:13:34,904 5b761a73 Thread-12 iperf(1/1) vm_util.py:366 DEBUG    Ran: {/snap/bin/kubectl --kubeconfig=/home/pakawat_nk/.kube/config exec -i web-controller-9vklt -- /bin/bash -c sudo chmod a+rwxt /opt/pkb}  ReturnCode:0
STDOUT: 
STDERR: 
2019-04-09 01:13:34,905 5b761a73 Thread-12 iperf(1/1) vm_util.py:315 INFO     Running: /snap/bin/kubectl --kubeconfig=/home/pakawat_nk/.kube/config exec -i web-controller-9vklt -- /bin/bash -c sudo apt-get update
2019-04-09 01:13:38,561 5b761a73 Thread-12 iperf(1/1) vm_util.py:366 DEBUG    Ran: {/snap/bin/kubectl --kubeconfig=/home/pakawat_nk/.kube/config exec -i web-controller-9vklt -- /bin/bash -c sudo apt-get update}  ReturnCode:0
STDOUT: Ign http://archive.ubuntu.com trusty InRelease
Hit http://archive.ubuntu.com trusty-updates InRelease
Hit http://security.ubuntu.com trusty-security InRelease
Hit http://archive.ubuntu.com trusty-backports InRelease
Hit http://archive.ubuntu.com trusty Release.gpg
Hit http://archive.ubuntu.com trusty-updates/main amd64 Packages
Hit http://archive.ubuntu.com trusty-updates/restricted amd64 Packages
Hit http://archive.ubuntu.com trusty-updates/universe amd64 Packages
Hit http://security.ubuntu.com trusty-security/main amd64 Packages
Hit http://archive.ubuntu.com trusty-updates/multiverse amd64 Packages
Hit http://security.ubuntu.com trusty-security/restricted amd64 Packages
Hit http://archive.ubuntu.com trusty Release
Hit http://security.ubuntu.com trusty-security/universe amd64 Packages
Hit http://security.ubuntu.com trusty-security/multiverse amd64 Packages
Hit http://archive.ubuntu.com trusty-backports/main amd64 Packages
Hit http://archive.ubuntu.com trusty-backports/restricted amd64 Packages
Hit http://archive.ubuntu.com trusty-backports/universe amd64 Packages
Hit http://archive.ubuntu.com trusty-backports/multiverse amd64 Packages
Hit http://archive.ubuntu.com trusty/main amd64 Packages
Hit http://archive.ubuntu.com trusty/restricted amd64 Packages
Hit http://archive.ubuntu.com trusty/universe amd64 Packages
Hit http://archive.ubuntu.com trusty/multiverse amd64 Packages
Hit https://deb.nodesource.com trusty InRelease
Hit https://deb.nodesource.com trusty/main Sources
Hit https://deb.nodesource.com trusty/main amd64 Packages
Reading package lists...

STDERR: 
2019-04-09 01:13:38,561 5b761a73 Thread-12 iperf(1/1) vm_util.py:315 INFO     Running: /snap/bin/kubectl --kubeconfig=/home/pakawat_nk/.kube/config exec -i web-controller-9vklt -- /bin/bash -c sudo DEBIAN_FRONTEND='noninteractive' /usr/bin/apt-get -y install python
2019-04-09 01:13:41,310 5b761a73 Thread-12 iperf(1/1) vm_util.py:366 DEBUG    Ran: {/snap/bin/kubectl --kubeconfig=/home/pakawat_nk/.kube/config exec -i web-controller-9vklt -- /bin/bash -c sudo DEBIAN_FRONTEND='noninteractive' /usr/bin/apt-get -y install python}  ReturnCode:0
STDOUT: Reading package lists...
Building dependency tree...
Reading state information...
python is already the newest version.
0 upgraded, 0 newly installed, 0 to remove and 10 not upgraded.

STDERR: 
2019-04-09 01:13:41,310 5b761a73 Thread-12 iperf(1/1) vm_util.py:315 INFO     Running: /snap/bin/kubectl --kubeconfig=/home/pakawat_nk/.kube/config exec -i web-controller-9vklt -- /bin/bash -c cat /proc/sys/net/ipv4/tcp_congestion_control
2019-04-09 01:13:41,630 5b761a73 Thread-12 iperf(1/1) vm_util.py:364 INFO     Ran: {/snap/bin/kubectl --kubeconfig=/home/pakawat_nk/.kube/config exec -i web-controller-9vklt -- /bin/bash -c cat /proc/sys/net/ipv4/tcp_congestion_control}  ReturnCode:1
STDOUT: 
STDERR: cat: /proc/sys/net/ipv4/tcp_congestion_control: No such file or directory
command terminated with exit code 1

2019-04-09 01:13:41,631 5b761a73 Thread-12 iperf(1/1) vm_util.py:315 INFO     Running: /snap/bin/kubectl --kubeconfig=/home/pakawat_nk/.kube/config exec -i web-controller-9vklt -- /bin/bash -c lscpu
2019-04-09 01:13:41,947 5b761a73 Thread-12 iperf(1/1) vm_util.py:366 DEBUG    Ran: {/snap/bin/kubectl --kubeconfig=/home/pakawat_nk/.kube/config exec -i web-controller-9vklt -- /bin/bash -c lscpu}  ReturnCode:0
STDOUT: Architecture:          x86_64
CPU op-mode(s):        32-bit, 64-bit
Byte Order:            Little Endian
CPU(s):                1
On-line CPU(s) list:   0
Thread(s) per core:    1
Core(s) per socket:    1
Socket(s):             1
NUMA node(s):          1
Vendor ID:             GenuineIntel
CPU family:            6
Model:                 85
Stepping:              3
CPU MHz:               2000.176
BogoMIPS:              4000.35
Hypervisor vendor:     KVM
Virtualization type:   full
L1d cache:             32K
L1i cache:             32K
L2 cache:              256K
L3 cache:              56320K
NUMA node0 CPU(s):     0

STDERR: 
2019-04-09 01:13:41,948 5b761a73 Thread-12 iperf(1/1) vm_util.py:315 INFO     Running: /snap/bin/kubectl --kubeconfig=/home/pakawat_nk/.kube/config exec -i web-controller-9vklt -- /bin/bash -c sudo DEBIAN_FRONTEND='noninteractive' /usr/bin/apt-get -y install lsb-release
2019-04-09 01:13:44,662 5b761a73 Thread-12 iperf(1/1) vm_util.py:366 DEBUG    Ran: {/snap/bin/kubectl --kubeconfig=/home/pakawat_nk/.kube/config exec -i web-controller-9vklt -- /bin/bash -c sudo DEBIAN_FRONTEND='noninteractive' /usr/bin/apt-get -y install lsb-release}  ReturnCode:0
STDOUT: Reading package lists...
Building dependency tree...
Reading state information...
lsb-release is already the newest version.
0 upgraded, 0 newly installed, 0 to remove and 10 not upgraded.

STDERR: 
2019-04-09 01:13:44,663 5b761a73 Thread-12 iperf(1/1) vm_util.py:315 INFO     Running: /snap/bin/kubectl --kubeconfig=/home/pakawat_nk/.kube/config exec -i web-controller-9vklt -- /bin/bash -c lsb_release -d
2019-04-09 01:13:45,008 5b761a73 Thread-12 iperf(1/1) vm_util.py:366 DEBUG    Ran: {/snap/bin/kubectl --kubeconfig=/home/pakawat_nk/.kube/config exec -i web-controller-9vklt -- /bin/bash -c lsb_release -d}  ReturnCode:0
STDOUT: Description:	Ubuntu 14.04.6 LTS

STDERR: 
2019-04-09 01:13:45,008 5b761a73 Thread-12 iperf(1/1) vm_util.py:315 INFO     Running: /snap/bin/kubectl --kubeconfig=/home/pakawat_nk/.kube/config exec -i web-controller-9vklt -- /bin/bash -c uname -r
2019-04-09 01:13:45,316 5b761a73 Thread-12 iperf(1/1) vm_util.py:366 DEBUG    Ran: {/snap/bin/kubectl --kubeconfig=/home/pakawat_nk/.kube/config exec -i web-controller-9vklt -- /bin/bash -c uname -r}  ReturnCode:0
STDOUT: 4.14.91+

STDERR: 
2019-04-09 01:13:45,316 5b761a73 Thread-12 iperf(1/1) vm_util.py:315 INFO     Running: /snap/bin/kubectl --kubeconfig=/home/pakawat_nk/.kube/config exec -i web-controller-9vklt -- /bin/bash -c sudo DEBIAN_FRONTEND='noninteractive' /usr/bin/apt-get -y install ssh
2019-04-09 01:13:47,886 5b761a73 Thread-12 iperf(1/1) vm_util.py:366 DEBUG    Ran: {/snap/bin/kubectl --kubeconfig=/home/pakawat_nk/.kube/config exec -i web-controller-9vklt -- /bin/bash -c sudo DEBIAN_FRONTEND='noninteractive' /usr/bin/apt-get -y install ssh}  ReturnCode:0
STDOUT: Reading package lists...
Building dependency tree...
Reading state information...
ssh is already the newest version.
0 upgraded, 0 newly installed, 0 to remove and 10 not upgraded.

STDERR: 
2019-04-09 01:13:47,887 5b761a73 Thread-12 iperf(1/1) vm_util.py:315 INFO     Running: /snap/bin/kubectl --kubeconfig=/home/pakawat_nk/.kube/config exec -i web-controller-9vklt -- /bin/bash -c sudo /etc/init.d/ssh restart
2019-04-09 01:14:48,253 5b761a73 Thread-12 iperf(1/1) vm_util.py:364 INFO     Ran: {/snap/bin/kubectl --kubeconfig=/home/pakawat_nk/.kube/config exec -i web-controller-9vklt -- /bin/bash -c sudo /etc/init.d/ssh restart}  ReturnCode:2
STDOUT:  * Restarting OpenBSD Secure Shell server sshd

STDERR: command terminated with exit code 2

2019-04-09 01:14:48,254 5b761a73 Thread-12 iperf(1/1) vm_util.py:315 INFO     Running: /snap/bin/kubectl --kubeconfig=/home/pakawat_nk/.kube/config exec -i web-controller-9vklt -- /bin/bash -c mkdir -p ~/.ssh
2019-04-09 01:14:48,586 5b761a73 Thread-12 iperf(1/1) vm_util.py:366 DEBUG    Ran: {/snap/bin/kubectl --kubeconfig=/home/pakawat_nk/.kube/config exec -i web-controller-9vklt -- /bin/bash -c mkdir -p ~/.ssh}  ReturnCode:0
STDOUT: 
STDERR: 
2019-04-09 01:14:48,587 5b761a73 Thread-12 iperf(1/1) vm_util.py:315 INFO     Running: /snap/bin/kubectl --kubeconfig=/home/pakawat_nk/.kube/config exec -i web-controller-9vklt -- /bin/bash -c echo "ssh-rsa AAAAB3NzaC1yc2EAAAADAQABAAABAQDO8nLrhlJ8xy9GgCsF/lLg/EHevqpFytV75tmwRKSJIpdcmReZdGyvxThR5illcxWzgbQh+9C21ff2zEg5gyemH841JPxoAGu5VciVEmTtoJIN2SKD2HE2n/bJpANAzf0Su52LTX/XGgpM2+7KZSFeR7kCgtupbptl9DZvNBEqynSyn4z6r6T8nt6hS6iUDLuVAoj1G0gK8K0YmFhbRj/aftQSGSdjz3JGUQ//w1ITVJRfYnZFZSe/DEpOCTXiVNCWJdYbY5P34ik++BkiH223rJHa8zMZaFymue6OKbBedphetl5uDeNBYzIib0iGC+6Mx4nfAyaCc6Dih2ckIj2n pakawat_nk@benchmark
" >> ~/.ssh/authorized_keys
2019-04-09 01:14:48,935 5b761a73 Thread-12 iperf(1/1) vm_util.py:366 DEBUG    Ran: {/snap/bin/kubectl --kubeconfig=/home/pakawat_nk/.kube/config exec -i web-controller-9vklt -- /bin/bash -c echo "ssh-rsa AAAAB3NzaC1yc2EAAAADAQABAAABAQDO8nLrhlJ8xy9GgCsF/lLg/EHevqpFytV75tmwRKSJIpdcmReZdGyvxThR5illcxWzgbQh+9C21ff2zEg5gyemH841JPxoAGu5VciVEmTtoJIN2SKD2HE2n/bJpANAzf0Su52LTX/XGgpM2+7KZSFeR7kCgtupbptl9DZvNBEqynSyn4z6r6T8nt6hS6iUDLuVAoj1G0gK8K0YmFhbRj/aftQSGSdjz3JGUQ//w1ITVJRfYnZFZSe/DEpOCTXiVNCWJdYbY5P34ik++BkiH223rJHa8zMZaFymue6OKbBedphetl5uDeNBYzIib0iGC+6Mx4nfAyaCc6Dih2ckIj2n pakawat_nk@benchmark
" >> ~/.ssh/authorized_keys}  ReturnCode:0
STDOUT: 
STDERR: 
2019-04-09 01:14:48,961 5b761a73 MainThread iperf(1/1) vm_util.py:526 INFO     ssh to VMs in this benchmark by name with:
  ssh -F /tmp/perfkitbenchmarker/runs/5b761a73/ssh_config <vm_name>
  ssh -F /tmp/perfkitbenchmarker/runs/5b761a73/ssh_config vm<index>
  ssh -F /tmp/perfkitbenchmarker/runs/5b761a73/ssh_config <group_name>-<index>
2019-04-09 01:14:48,968 5b761a73 MainThread iperf(1/1) pkb.py:561 INFO     Preparing benchmark iperf
2019-04-09 01:14:48,973 5b761a73 MainThread iperf(1/1) vm_util.py:315 INFO     Running: /snap/bin/kubectl --kubeconfig=/home/pakawat_nk/.kube/config exec -i web-controller-9vklt -- /bin/bash -c sudo DEBIAN_FRONTEND='noninteractive' /usr/bin/apt-get -y install iperf
2019-04-09 01:14:51,514 5b761a73 MainThread iperf(1/1) vm_util.py:366 DEBUG    Ran: {/snap/bin/kubectl --kubeconfig=/home/pakawat_nk/.kube/config exec -i web-controller-9vklt -- /bin/bash -c sudo DEBIAN_FRONTEND='noninteractive' /usr/bin/apt-get -y install iperf}  ReturnCode:0
STDOUT: Reading package lists...
Building dependency tree...
Reading state information...
iperf is already the newest version.
0 upgraded, 0 newly installed, 0 to remove and 10 not upgraded.

STDERR: 
2019-04-09 01:14:51,515 5b761a73 MainThread iperf(1/1) vm_util.py:315 INFO     Running: /snap/bin/kubectl --kubeconfig=/home/pakawat_nk/.kube/config exec -i web-controller-9vklt -- /bin/bash -c nohup iperf --server --port 80 &> /dev/null& echo $!
2019-04-09 01:14:51,820 5b761a73 MainThread iperf(1/1) vm_util.py:366 DEBUG    Ran: {/snap/bin/kubectl --kubeconfig=/home/pakawat_nk/.kube/config exec -i web-controller-9vklt -- /bin/bash -c nohup iperf --server --port 80 &> /dev/null& echo $!}  ReturnCode:0
STDOUT: 1447

STDERR: 
2019-04-09 01:14:51,821 5b761a73 MainThread iperf(1/1) vm_util.py:315 INFO     Running: /snap/bin/kubectl --kubeconfig=/home/pakawat_nk/.kube/config exec -i web-controller-9vklt -- /bin/bash -c sudo DEBIAN_FRONTEND='noninteractive' /usr/bin/apt-get -y install iperf
2019-04-09 01:14:54,182 5b761a73 MainThread iperf(1/1) vm_util.py:366 DEBUG    Ran: {/snap/bin/kubectl --kubeconfig=/home/pakawat_nk/.kube/config exec -i web-controller-9vklt -- /bin/bash -c sudo DEBIAN_FRONTEND='noninteractive' /usr/bin/apt-get -y install iperf}  ReturnCode:0
STDOUT: Reading package lists...
Building dependency tree...
Reading state information...
iperf is already the newest version.
0 upgraded, 0 newly installed, 0 to remove and 10 not upgraded.

STDERR: 
2019-04-09 01:14:54,183 5b761a73 MainThread iperf(1/1) vm_util.py:315 INFO     Running: /snap/bin/kubectl --kubeconfig=/home/pakawat_nk/.kube/config exec -i web-controller-9vklt -- /bin/bash -c nohup iperf --server --port 80 &> /dev/null& echo $!
2019-04-09 01:14:54,489 5b761a73 MainThread iperf(1/1) vm_util.py:366 DEBUG    Ran: {/snap/bin/kubectl --kubeconfig=/home/pakawat_nk/.kube/config exec -i web-controller-9vklt -- /bin/bash -c nohup iperf --server --port 80 &> /dev/null& echo $!}  ReturnCode:0
STDOUT: 1464

STDERR: 
2019-04-09 01:14:54,493 5b761a73 MainThread iperf(1/1) pkb.py:595 INFO     Running benchmark iperf
2019-04-09 01:14:54,494 5b761a73 MainThread iperf(1/1) iperf_benchmark.py:170 INFO     Iperf Results:
2019-04-09 01:14:54,494 5b761a73 MainThread iperf(1/1) vm_util.py:315 INFO     Running: /snap/bin/kubectl --kubeconfig=/home/pakawat_nk/.kube/config exec -i web-controller-9vklt -- /bin/bash -c iperf --client 35.204.198.170 --port 80 --format m --time 60 -P 1
2019-04-09 01:15:54,848 5b761a73 MainThread iperf(1/1) vm_util.py:364 INFO     Ran: {/snap/bin/kubectl --kubeconfig=/home/pakawat_nk/.kube/config exec -i web-controller-9vklt -- /bin/bash -c iperf --client 35.204.198.170 --port 80 --format m --time 60 -P 1}  ReturnCode:0
STDOUT: ------------------------------------------------------------
Client connecting to 35.204.198.170, TCP port 80
TCP window size: 0.04 MByte (default)
------------------------------------------------------------
[  3] local 10.0.0.7 port 52364 connected with 35.204.198.170 port 80
[ ID] Interval       Transfer     Bandwidth
[  3]  0.0-60.0 sec  17592186044412 MBytes  2459341461586 Mbits/sec

STDERR: 
2019-04-09 01:15:54,850 5b761a73 MainThread iperf(1/1) vm_util.py:315 INFO     Running: /snap/bin/kubectl --kubeconfig=/home/pakawat_nk/.kube/config exec -i web-controller-9vklt -- /bin/bash -c iperf --client 35.204.198.170 --port 80 --format m --time 60 -P 1
2019-04-09 01:16:55,297 5b761a73 MainThread iperf(1/1) vm_util.py:364 INFO     Ran: {/snap/bin/kubectl --kubeconfig=/home/pakawat_nk/.kube/config exec -i web-controller-9vklt -- /bin/bash -c iperf --client 35.204.198.170 --port 80 --format m --time 60 -P 1}  ReturnCode:0
STDOUT: ------------------------------------------------------------
Client connecting to 35.204.198.170, TCP port 80
TCP window size: 0.04 MByte (default)
------------------------------------------------------------
[  3] local 10.0.0.7 port 52450 connected with 35.204.198.170 port 80
[ ID] Interval       Transfer     Bandwidth
[  3]  0.0-60.0 sec  17592186044412 MBytes  2459515907329 Mbits/sec

STDERR: 
2019-04-09 01:16:55,299 5b761a73 MainThread iperf(1/1) vm_util.py:315 INFO     Running: /snap/bin/kubectl --kubeconfig=/home/pakawat_nk/.kube/config exec -i web-controller-9vklt -- /bin/bash -c cat /proc/cpuinfo | grep processor | wc -l
2019-04-09 01:16:55,630 5b761a73 MainThread iperf(1/1) vm_util.py:366 DEBUG    Ran: {/snap/bin/kubectl --kubeconfig=/home/pakawat_nk/.kube/config exec -i web-controller-9vklt -- /bin/bash -c cat /proc/cpuinfo | grep processor | wc -l}  ReturnCode:0
STDOUT: 1

STDERR: 
2019-04-09 01:16:55,631 5b761a73 MainThread iperf(1/1) vm_util.py:315 INFO     Running: /snap/bin/kubectl --kubeconfig=/home/pakawat_nk/.kube/config exec -i web-controller-9vklt -- /bin/bash -c cat /proc/cpuinfo | grep processor | wc -l
2019-04-09 01:16:55,961 5b761a73 MainThread iperf(1/1) vm_util.py:366 DEBUG    Ran: {/snap/bin/kubectl --kubeconfig=/home/pakawat_nk/.kube/config exec -i web-controller-9vklt -- /bin/bash -c cat /proc/cpuinfo | grep processor | wc -l}  ReturnCode:0
STDOUT: 1

STDERR: 
2019-04-09 01:16:55,962 5b761a73 MainThread iperf(1/1) pkb.py:646 INFO     Cleaning up benchmark iperf
2019-04-09 01:16:55,962 5b761a73 MainThread iperf(1/1) pkb.py:665 INFO     Tearing down resources for benchmark iperf
2019-04-09 01:16:55,968 5b761a73 MainThread iperf(1/1) background_tasks.py:545 ERROR    Exception occurred while calling DeleteVm(35.204.198.170):
Traceback (most recent call last):
  File "/home/pakawat_nk/cloud-recommendation-kubernetes/PerfKitBenchmarker/perfkitbenchmarker/background_tasks.py", line 255, in Run
    self.return_value = self.target(*self.args, **self.kwargs)
  File "/home/pakawat_nk/cloud-recommendation-kubernetes/PerfKitBenchmarker/perfkitbenchmarker/benchmark_spec.py", line 733, in DeleteVm
    vm.Delete()
  File "/home/pakawat_nk/cloud-recommendation-kubernetes/PerfKitBenchmarker/perfkitbenchmarker/resource.py", line 264, in Delete
    self._DeleteResource()
  File "/home/pakawat_nk/cloud-recommendation-kubernetes/PerfKitBenchmarker/perfkitbenchmarker/vm_util.py", line 269, in WrappedFunction
    return f(*args, **kwargs)
  File "/home/pakawat_nk/cloud-recommendation-kubernetes/PerfKitBenchmarker/perfkitbenchmarker/resource.py", line 222, in _DeleteResource
    self._Delete()
  File "/home/pakawat_nk/cloud-recommendation-kubernetes/PerfKitBenchmarker/perfkitbenchmarker/providers/kubernetes/kubernetes_virtual_machine.py", line 97, in _Delete
    self._DeletePod()
  File "/home/pakawat_nk/cloud-recommendation-kubernetes/PerfKitBenchmarker/perfkitbenchmarker/providers/kubernetes/kubernetes_virtual_machine.py", line 190, in _DeletePod
    logging.info(output[STDOUT].rstrip())
NameError: global name 'output' is not defined

2019-04-09 01:16:55,970 5b761a73 MainThread iperf(1/1) background_tasks.py:545 ERROR    Exception occurred while calling DeleteVm(35.204.198.170):
Traceback (most recent call last):
  File "/home/pakawat_nk/cloud-recommendation-kubernetes/PerfKitBenchmarker/perfkitbenchmarker/background_tasks.py", line 255, in Run
    self.return_value = self.target(*self.args, **self.kwargs)
  File "/home/pakawat_nk/cloud-recommendation-kubernetes/PerfKitBenchmarker/perfkitbenchmarker/benchmark_spec.py", line 733, in DeleteVm
    vm.Delete()
  File "/home/pakawat_nk/cloud-recommendation-kubernetes/PerfKitBenchmarker/perfkitbenchmarker/resource.py", line 264, in Delete
    self._DeleteResource()
  File "/home/pakawat_nk/cloud-recommendation-kubernetes/PerfKitBenchmarker/perfkitbenchmarker/vm_util.py", line 269, in WrappedFunction
    return f(*args, **kwargs)
  File "/home/pakawat_nk/cloud-recommendation-kubernetes/PerfKitBenchmarker/perfkitbenchmarker/resource.py", line 222, in _DeleteResource
    self._Delete()
  File "/home/pakawat_nk/cloud-recommendation-kubernetes/PerfKitBenchmarker/perfkitbenchmarker/providers/kubernetes/kubernetes_virtual_machine.py", line 97, in _Delete
    self._DeletePod()
  File "/home/pakawat_nk/cloud-recommendation-kubernetes/PerfKitBenchmarker/perfkitbenchmarker/providers/kubernetes/kubernetes_virtual_machine.py", line 190, in _DeletePod
    logging.info(output[STDOUT].rstrip())
NameError: global name 'output' is not defined

2019-04-09 01:16:55,972 5b761a73 MainThread iperf(1/1) benchmark_spec.py:578 ERROR    Got an exception deleting VMs. Attempting to continue tearing down.
Traceback (most recent call last):
  File "/home/pakawat_nk/cloud-recommendation-kubernetes/PerfKitBenchmarker/perfkitbenchmarker/benchmark_spec.py", line 576, in Delete
    vm_util.RunThreaded(self.DeleteVm, self.vms)
  File "/home/pakawat_nk/cloud-recommendation-kubernetes/PerfKitBenchmarker/perfkitbenchmarker/background_tasks.py", line 647, in RunThreaded
    max_concurrency=max_concurrent_threads)
  File "/home/pakawat_nk/cloud-recommendation-kubernetes/PerfKitBenchmarker/perfkitbenchmarker/background_tasks.py", line 587, in RunParallelThreads
    errors.VmUtil.ThreadException, post_task_delay)
  File "/home/pakawat_nk/cloud-recommendation-kubernetes/PerfKitBenchmarker/perfkitbenchmarker/background_tasks.py", line 561, in _RunParallelTasks
    '{0}{1}'.format(os.linesep, os.linesep.join(error_strings)))
ThreadException: The following exceptions occurred during parallel execution:
Exception occurred while calling DeleteVm(35.204.198.170):
Traceback (most recent call last):
  File "/home/pakawat_nk/cloud-recommendation-kubernetes/PerfKitBenchmarker/perfkitbenchmarker/background_tasks.py", line 255, in Run
    self.return_value = self.target(*self.args, **self.kwargs)
  File "/home/pakawat_nk/cloud-recommendation-kubernetes/PerfKitBenchmarker/perfkitbenchmarker/benchmark_spec.py", line 733, in DeleteVm
    vm.Delete()
  File "/home/pakawat_nk/cloud-recommendation-kubernetes/PerfKitBenchmarker/perfkitbenchmarker/resource.py", line 264, in Delete
    self._DeleteResource()
  File "/home/pakawat_nk/cloud-recommendation-kubernetes/PerfKitBenchmarker/perfkitbenchmarker/vm_util.py", line 269, in WrappedFunction
    return f(*args, **kwargs)
  File "/home/pakawat_nk/cloud-recommendation-kubernetes/PerfKitBenchmarker/perfkitbenchmarker/resource.py", line 222, in _DeleteResource
    self._Delete()
  File "/home/pakawat_nk/cloud-recommendation-kubernetes/PerfKitBenchmarker/perfkitbenchmarker/providers/kubernetes/kubernetes_virtual_machine.py", line 97, in _Delete
    self._DeletePod()
  File "/home/pakawat_nk/cloud-recommendation-kubernetes/PerfKitBenchmarker/perfkitbenchmarker/providers/kubernetes/kubernetes_virtual_machine.py", line 190, in _DeletePod
    logging.info(output[STDOUT].rstrip())
NameError: global name 'output' is not defined

Exception occurred while calling DeleteVm(35.204.198.170):
Traceback (most recent call last):
  File "/home/pakawat_nk/cloud-recommendation-kubernetes/PerfKitBenchmarker/perfkitbenchmarker/background_tasks.py", line 255, in Run
    self.return_value = self.target(*self.args, **self.kwargs)
  File "/home/pakawat_nk/cloud-recommendation-kubernetes/PerfKitBenchmarker/perfkitbenchmarker/benchmark_spec.py", line 733, in DeleteVm
    vm.Delete()
  File "/home/pakawat_nk/cloud-recommendation-kubernetes/PerfKitBenchmarker/perfkitbenchmarker/resource.py", line 264, in Delete
    self._DeleteResource()
  File "/home/pakawat_nk/cloud-recommendation-kubernetes/PerfKitBenchmarker/perfkitbenchmarker/vm_util.py", line 269, in WrappedFunction
    return f(*args, **kwargs)
  File "/home/pakawat_nk/cloud-recommendation-kubernetes/PerfKitBenchmarker/perfkitbenchmarker/resource.py", line 222, in _DeleteResource
    self._Delete()
  File "/home/pakawat_nk/cloud-recommendation-kubernetes/PerfKitBenchmarker/perfkitbenchmarker/providers/kubernetes/kubernetes_virtual_machine.py", line 97, in _Delete
    self._DeletePod()
  File "/home/pakawat_nk/cloud-recommendation-kubernetes/PerfKitBenchmarker/perfkitbenchmarker/providers/kubernetes/kubernetes_virtual_machine.py", line 190, in _DeletePod
    logging.info(output[STDOUT].rstrip())
NameError: global name 'output' is not defined

2019-04-09 01:16:55,985 5b761a73 MainThread publisher.py:455 INFO     
-------------------------PerfKitBenchmarker Complete Results-------------------------
{'metadata': {'ip_type': 'external',
              'perfkitbenchmarker_version': 'unknown',
              'receiving_machine_type': None,
              'receiving_zone': None,
              'run_number': 0,
              'runtime_in_seconds': 60,
              'sending_machine_type': None,
              'sending_thread_count': 1,
              'sending_zone': None,
              'vm_1_cloud': 'Kubernetes',
              'vm_1_image': 'ubuntu:16.04',
              'vm_1_kernel_release': u'4.14.91+',
              'vm_1_num_cpus': 1,
              'vm_1_numa_node_count': 1,
              'vm_1_os_info': u'Ubuntu 14.04.6 LTS',
              'vm_1_tcp_congestion_control': 'unknown',
              'vm_1_vm_count': 1,
              'vm_1_zone': None,
              'vm_2_cloud': 'Kubernetes',
              'vm_2_image': 'ubuntu:16.04',
              'vm_2_kernel_release': u'4.14.91+',
              'vm_2_num_cpus': 1,
              'vm_2_numa_node_count': 1,
              'vm_2_os_info': u'Ubuntu 14.04.6 LTS',
              'vm_2_tcp_congestion_control': 'unknown',
              'vm_2_vm_count': 1,
              'vm_2_zone': None},
 'metric': 'Throughput',
 'official': False,
 'owner': 'pakawat_nk',
 'product_name': 'PerfKitBenchmarker',
 'run_uri': '5b761a73-1e16dc9c-ec3b-4603-b737-235c3d875ba7',
 'sample_uri': 'dd4b5443-6baa-47f8-be60-e7c0d78ee27c',
 'test': 'iperf',
 'timestamp': 1554772554.850709,
 'unit': 'Mbits/sec',
 'value': 2459341461586.0}
{'metadata': {'ip_type': 'external',
              'perfkitbenchmarker_version': 'unknown',
              'receiving_machine_type': None,
              'receiving_zone': None,
              'run_number': 0,
              'runtime_in_seconds': 60,
              'sending_machine_type': None,
              'sending_thread_count': 1,
              'sending_zone': None,
              'vm_1_cloud': 'Kubernetes',
              'vm_1_image': 'ubuntu:16.04',
              'vm_1_kernel_release': u'4.14.91+',
              'vm_1_num_cpus': 1,
              'vm_1_numa_node_count': 1,
              'vm_1_os_info': u'Ubuntu 14.04.6 LTS',
              'vm_1_tcp_congestion_control': 'unknown',
              'vm_1_vm_count': 1,
              'vm_1_zone': None,
              'vm_2_cloud': 'Kubernetes',
              'vm_2_image': 'ubuntu:16.04',
              'vm_2_kernel_release': u'4.14.91+',
              'vm_2_num_cpus': 1,
              'vm_2_numa_node_count': 1,
              'vm_2_os_info': u'Ubuntu 14.04.6 LTS',
              'vm_2_tcp_congestion_control': 'unknown',
              'vm_2_vm_count': 1,
              'vm_2_zone': None},
 'metric': 'Throughput',
 'official': False,
 'owner': 'pakawat_nk',
 'product_name': 'PerfKitBenchmarker',
 'run_uri': '5b761a73-1e16dc9c-ec3b-4603-b737-235c3d875ba7',
 'sample_uri': '646f4320-97b3-44b3-83b4-9f8aa278dc27',
 'test': 'iperf',
 'timestamp': 1554772615.298742,
 'unit': 'Mbits/sec',
 'value': 2459515907329.0}
{'metadata': {'perfkitbenchmarker_version': 'unknown',
              'vm_1_cloud': 'Kubernetes',
              'vm_1_image': 'ubuntu:16.04',
              'vm_1_kernel_release': u'4.14.91+',
              'vm_1_num_cpus': 1,
              'vm_1_numa_node_count': 1,
              'vm_1_os_info': u'Ubuntu 14.04.6 LTS',
              'vm_1_tcp_congestion_control': 'unknown',
              'vm_1_vm_count': 1,
              'vm_1_zone': None,
              'vm_2_cloud': 'Kubernetes',
              'vm_2_image': 'ubuntu:16.04',
              'vm_2_kernel_release': u'4.14.91+',
              'vm_2_num_cpus': 1,
              'vm_2_numa_node_count': 1,
              'vm_2_os_info': u'Ubuntu 14.04.6 LTS',
              'vm_2_tcp_congestion_control': 'unknown',
              'vm_2_vm_count': 1,
              'vm_2_zone': None},
 'metric': 'End to End Runtime',
 'official': False,
 'owner': 'pakawat_nk',
 'product_name': 'PerfKitBenchmarker',
 'run_uri': '5b761a73-1e16dc9c-ec3b-4603-b737-235c3d875ba7',
 'sample_uri': '499e8075-aa9b-4070-a56e-b71987bba605',
 'test': 'iperf',
 'timestamp': 1554772615.975,
 'unit': 'seconds',
 'value': 218.37641215324402}

2019-04-09 01:16:55,990 5b761a73 MainThread publisher.py:428 DEBUG    Pretty-printing results to <open file '<stdout>', mode 'w' at 0x7f823cf5e150>:

-------------------------PerfKitBenchmarker Results Summary-------------------------
IPERF:
  ip_type="external" run_number="0" runtime_in_seconds="60" sending_thread_count="1"
  Throughput                     2459341461586.000000 Mbits/sec                     
  Throughput                     2459515907329.000000 Mbits/sec                     
  End to End Runtime                  218.376412 seconds                       

-------------------------
For all tests: perfkitbenchmarker_version="unknown" receiving_machine_type="None" receiving_zone="None" sending_machine_type="None" sending_zone="None" vm_1_cloud="Kubernetes" vm_1_image="ubuntu:16.04" vm_1_kernel_release="4.14.91+" vm_1_num_cpus="1" vm_1_numa_node_count="1" vm_1_os_info="Ubuntu 14.04.6 LTS" vm_1_tcp_congestion_control="unknown" vm_1_vm_count="1" vm_1_zone="None" vm_2_cloud="Kubernetes" vm_2_image="ubuntu:16.04" vm_2_kernel_release="4.14.91+" vm_2_num_cpus="1" vm_2_numa_node_count="1" vm_2_os_info="Ubuntu 14.04.6 LTS" vm_2_tcp_congestion_control="unknown" vm_2_vm_count="1" vm_2_zone="None"

2019-04-09 01:16:55,991 5b761a73 MainThread publisher.py:485 INFO     Publishing 3 samples to /tmp/perfkitbenchmarker/runs/5b761a73/perfkitbenchmarker_results.json
2019-04-09 01:16:55,992 5b761a73 MainThread pkb.py:1032 INFO     Benchmark run statuses:
------------------------------------------
Name   UID     Status     Failed Substatus
------------------------------------------
iperf  iperf0  SUCCEEDED                  
------------------------------------------
Success rate: 100.00% (1/1)
2019-04-09 01:16:55,993 5b761a73 MainThread pkb.py:1035 INFO     Complete logs can be found at: /tmp/perfkitbenchmarker/runs/5b761a73/pkb.log
2019-04-09 01:16:55,993 5b761a73 MainThread pkb.py:1037 INFO     Completion statuses can be found at: /tmp/perfkitbenchmarker/runs/5b761a73/completion_statuses.json
